#! /usr/bin/vvp
:ivl_version "12.0 (stable)";
:ivl_delay_selection "TYPICAL";
:vpi_time_precision + 0;
:vpi_module "/usr/lib/x86_64-linux-gnu/ivl/system.vpi";
:vpi_module "/usr/lib/x86_64-linux-gnu/ivl/vhdl_sys.vpi";
:vpi_module "/usr/lib/x86_64-linux-gnu/ivl/vhdl_textio.vpi";
:vpi_module "/usr/lib/x86_64-linux-gnu/ivl/v2005_math.vpi";
:vpi_module "/usr/lib/x86_64-linux-gnu/ivl/va_math.vpi";
:vpi_module "/usr/lib/x86_64-linux-gnu/ivl/v2009.vpi";
S_0x6406bf59dc20 .scope package, "$unit" "$unit" 2 1;
 .timescale 0 0;
P_0x6406bf570d80 .param/l "IMP_INV_MATRIX" 1 3 37, C4<1110001001000100011000100111011000111110100111100011000001110101>;
P_0x6406bf570dc0 .param/l "IMP_MATRIX" 1 3 16, C4<1010000011011110101011001010111011000110100111100101001001000011>;
P_0x6406bf570e00 .param/l "PHI" 1 3 81, C4<10>;
S_0x6406bf5703e0 .scope autofunction.vec4.s4, "C" "C" 3 70, 3 70 0, S_0x6406bf59dc20;
 .timescale 0 0;
; Variable C is vec4 return value of scope S_0x6406bf5703e0
v0x6406bf59d7f0_0 .var "q", 3 0;
TD_$unit.C ;
    %load/vec4 v0x6406bf59d7f0_0;
    %parti/s 1, 2, 3;
    %load/vec4 v0x6406bf59d7f0_0;
    %parti/s 1, 0, 2;
    %xor;
    %load/vec4 v0x6406bf59d7f0_0;
    %parti/s 1, 3, 3;
    %load/vec4 v0x6406bf59d7f0_0;
    %parti/s 1, 2, 3;
    %xor;
    %load/vec4 v0x6406bf59d7f0_0;
    %parti/s 1, 1, 2;
    %xor;
    %load/vec4 v0x6406bf59d7f0_0;
    %parti/s 1, 0, 2;
    %xor;
    %concat/vec4; draw_concat_vec4
    %load/vec4 v0x6406bf59d7f0_0;
    %parti/s 1, 3, 3;
    %concat/vec4; draw_concat_vec4
    %load/vec4 v0x6406bf59d7f0_0;
    %parti/s 1, 2, 3;
    %concat/vec4; draw_concat_vec4
    %ret/vec4 0, 0, 4;  Assign to C (store_vec4_to_lval)
    %disable/flow S_0x6406bf5703e0;
    %end;
S_0x6406bf570780 .scope autofunction.vec4.s8, "Imp" "Imp" 3 27, 3 27 0, S_0x6406bf59dc20;
 .timescale 0 0;
; Variable Imp is vec4 return value of scope S_0x6406bf570780
v0x6406bf5bb550_0 .var "q", 7 0;
v0x6406bf5bb630_0 .var "result", 7 0;
TD_$unit.Imp ;
    %fork t_1, S_0x6406bf5bb170;
    %jmp t_0;
    .scope S_0x6406bf5bb170;
t_1 ;
    %pushi/vec4 0, 0, 32;
    %store/vec4 v0x6406bf5bb350_0, 0, 32;
T_1.0 ;
    %load/vec4 v0x6406bf5bb350_0;
    %cmpi/s 8, 0, 32;
    %jmp/0xz T_1.1, 5;
    %pushi/vec4 2698947758, 0, 32;
    %concati/vec4 3332264515, 0, 32;
    %pushi/vec4 7, 0, 32;
    %load/vec4 v0x6406bf5bb350_0;
    %sub;
    %muli 8, 0, 32;
    %part/s 8;
    %load/vec4 v0x6406bf5bb550_0;
    %and;
    %xor/r;
    %pushi/vec4 7, 0, 32;
    %load/vec4 v0x6406bf5bb350_0;
    %sub;
    %ix/vec4/s 4;
    %store/vec4 v0x6406bf5bb630_0, 4, 1;
    ; show_stmt_assign_vector: Get l-value for compressed += operand
    %load/vec4 v0x6406bf5bb350_0;
    %pushi/vec4 1, 0, 32;
    %add;
    %cast2;
    %store/vec4 v0x6406bf5bb350_0, 0, 32;
    %jmp T_1.0;
T_1.1 ;
    %end;
    .scope S_0x6406bf570780;
t_0 %join;
    %load/vec4 v0x6406bf5bb630_0;
    %ret/vec4 0, 0, 8;  Assign to Imp (store_vec4_to_lval)
    %disable/flow S_0x6406bf570780;
    %end;
S_0x6406bf5bb170 .scope autobegin, "$ivl_for_loop1" "$ivl_for_loop1" 3 31, 3 31 0, S_0x6406bf570780;
 .timescale 0 0;
v0x6406bf5bb350_0 .var/2s "i", 31 0;
S_0x6406bf5bb6f0 .scope autofunction.vec4.s8, "ImpInv" "ImpInv" 3 48, 3 48 0, S_0x6406bf59dc20;
 .timescale 0 0;
; Variable ImpInv is vec4 return value of scope S_0x6406bf5bb6f0
v0x6406bf5bbcb0_0 .var "q", 7 0;
v0x6406bf5bbd90_0 .var "result", 7 0;
TD_$unit.ImpInv ;
    %fork t_3, S_0x6406bf5bb8d0;
    %jmp t_2;
    .scope S_0x6406bf5bb8d0;
t_3 ;
    %pushi/vec4 0, 0, 32;
    %store/vec4 v0x6406bf5bbab0_0, 0, 32;
T_2.2 ;
    %load/vec4 v0x6406bf5bbab0_0;
    %cmpi/s 8, 0, 32;
    %jmp/0xz T_2.3, 5;
    %pushi/vec4 3796132470, 0, 32;
    %concati/vec4 1050554485, 0, 32;
    %pushi/vec4 7, 0, 32;
    %load/vec4 v0x6406bf5bbab0_0;
    %sub;
    %muli 8, 0, 32;
    %part/s 8;
    %load/vec4 v0x6406bf5bbcb0_0;
    %and;
    %xor/r;
    %pushi/vec4 7, 0, 32;
    %load/vec4 v0x6406bf5bbab0_0;
    %sub;
    %ix/vec4/s 4;
    %store/vec4 v0x6406bf5bbd90_0, 4, 1;
    ; show_stmt_assign_vector: Get l-value for compressed += operand
    %load/vec4 v0x6406bf5bbab0_0;
    %pushi/vec4 1, 0, 32;
    %add;
    %cast2;
    %store/vec4 v0x6406bf5bbab0_0, 0, 32;
    %jmp T_2.2;
T_2.3 ;
    %end;
    .scope S_0x6406bf5bb6f0;
t_2 %join;
    %load/vec4 v0x6406bf5bbd90_0;
    %ret/vec4 0, 0, 8;  Assign to ImpInv (store_vec4_to_lval)
    %disable/flow S_0x6406bf5bb6f0;
    %end;
S_0x6406bf5bb8d0 .scope autobegin, "$ivl_for_loop2" "$ivl_for_loop2" 3 52, 3 52 0, S_0x6406bf5bb6f0;
 .timescale 0 0;
v0x6406bf5bbab0_0 .var/2s "i", 31 0;
S_0x6406bf5bbe50 .scope autofunction.vec4.s4, "S" "S" 3 59, 3 59 0, S_0x6406bf59dc20;
 .timescale 0 0;
; Variable S is vec4 return value of scope S_0x6406bf5bbe50
v0x6406bf5bc130_0 .var "q", 3 0;
TD_$unit.S ;
    %load/vec4 v0x6406bf5bc130_0;
    %parti/s 1, 3, 3;
    %load/vec4 v0x6406bf5bc130_0;
    %parti/s 1, 3, 3;
    %load/vec4 v0x6406bf5bc130_0;
    %parti/s 1, 2, 3;
    %xor;
    %concat/vec4; draw_concat_vec4
    %load/vec4 v0x6406bf5bc130_0;
    %parti/s 1, 2, 3;
    %load/vec4 v0x6406bf5bc130_0;
    %parti/s 1, 1, 2;
    %xor;
    %concat/vec4; draw_concat_vec4
    %load/vec4 v0x6406bf5bc130_0;
    %parti/s 1, 3, 3;
    %load/vec4 v0x6406bf5bc130_0;
    %parti/s 1, 1, 2;
    %xor;
    %load/vec4 v0x6406bf5bc130_0;
    %parti/s 1, 0, 2;
    %xor;
    %concat/vec4; draw_concat_vec4
    %ret/vec4 0, 0, 4;  Assign to S (store_vec4_to_lval)
    %disable/flow S_0x6406bf5bbe50;
    %end;
S_0x6406bf5bc210 .scope autofunction.vec4.s4, "X" "X" 3 83, 3 83 0, S_0x6406bf59dc20;
 .timescale 0 0;
; Variable X is vec4 return value of scope S_0x6406bf5bc210
v0x6406bf5bc540_0 .var "kH", 1 0;
v0x6406bf5bc620_0 .var "kL", 1 0;
v0x6406bf5bc6e0_0 .var "q", 3 0;
v0x6406bf5bc7c0_0 .var "qH", 1 0;
v0x6406bf5bc8f0_0 .var "qL", 1 0;
v0x6406bf5bc9d0_0 .var "w", 3 0;
v0x6406bf5bcab0_0 .var "wH", 1 0;
v0x6406bf5bcb90_0 .var "wL", 1 0;
TD_$unit.X ;
    %load/vec4 v0x6406bf5bc6e0_0;
    %split/vec4 2;
    %store/vec4 v0x6406bf5bc8f0_0, 0, 2;
    %store/vec4 v0x6406bf5bc7c0_0, 0, 2;
    %load/vec4 v0x6406bf5bc9d0_0;
    %split/vec4 2;
    %store/vec4 v0x6406bf5bcb90_0, 0, 2;
    %store/vec4 v0x6406bf5bcab0_0, 0, 2;
    %alloc S_0x6406bf5bef20;
    %load/vec4 v0x6406bf5bc7c0_0;
    %load/vec4 v0x6406bf5bc8f0_0;
    %xor;
    %load/vec4 v0x6406bf5bcab0_0;
    %load/vec4 v0x6406bf5bcb90_0;
    %xor;
    %store/vec4 v0x6406bf5bf2e0_0, 0, 2;
    %store/vec4 v0x6406bf5bf200_0, 0, 2;
    %callf/vec4 TD_$unit.mulGf22, S_0x6406bf5bef20;
    %free S_0x6406bf5bef20;
    %alloc S_0x6406bf5bef20;
    %load/vec4 v0x6406bf5bc8f0_0;
    %load/vec4 v0x6406bf5bcb90_0;
    %store/vec4 v0x6406bf5bf2e0_0, 0, 2;
    %store/vec4 v0x6406bf5bf200_0, 0, 2;
    %callf/vec4 TD_$unit.mulGf22, S_0x6406bf5bef20;
    %free S_0x6406bf5bef20;
    %xor;
    %store/vec4 v0x6406bf5bc540_0, 0, 2;
    %alloc S_0x6406bf5bef20;
    %alloc S_0x6406bf5bef20;
    %load/vec4 v0x6406bf5bc7c0_0;
    %load/vec4 v0x6406bf5bcab0_0;
    %store/vec4 v0x6406bf5bf2e0_0, 0, 2;
    %store/vec4 v0x6406bf5bf200_0, 0, 2;
    %callf/vec4 TD_$unit.mulGf22, S_0x6406bf5bef20;
    %free S_0x6406bf5bef20;
    %pushi/vec4 2, 0, 2;
    %store/vec4 v0x6406bf5bf2e0_0, 0, 2;
    %store/vec4 v0x6406bf5bf200_0, 0, 2;
    %callf/vec4 TD_$unit.mulGf22, S_0x6406bf5bef20;
    %free S_0x6406bf5bef20;
    %alloc S_0x6406bf5bef20;
    %load/vec4 v0x6406bf5bc8f0_0;
    %load/vec4 v0x6406bf5bcb90_0;
    %store/vec4 v0x6406bf5bf2e0_0, 0, 2;
    %store/vec4 v0x6406bf5bf200_0, 0, 2;
    %callf/vec4 TD_$unit.mulGf22, S_0x6406bf5bef20;
    %free S_0x6406bf5bef20;
    %xor;
    %store/vec4 v0x6406bf5bc620_0, 0, 2;
    %load/vec4 v0x6406bf5bc540_0;
    %load/vec4 v0x6406bf5bc620_0;
    %concat/vec4; draw_concat_vec4
    %ret/vec4 0, 0, 4;  Assign to X (store_vec4_to_lval)
    %disable/flow S_0x6406bf5bc210;
    %end;
S_0x6406bf5bcc70 .scope autofunction.vec4.s32, "aes_rcon" "aes_rcon" 4 1, 4 1 0, S_0x6406bf59dc20;
 .timescale 0 0;
; Variable aes_rcon is vec4 return value of scope S_0x6406bf5bcc70
v0x6406bf5bcf00_0 .var "round", 3 0;
TD_$unit.aes_rcon ;
    %load/vec4 v0x6406bf5bcf00_0;
    %dup/vec4;
    %pushi/vec4 1, 0, 4;
    %cmp/u;
    %jmp/1 T_5.4, 6;
    %dup/vec4;
    %pushi/vec4 2, 0, 4;
    %cmp/u;
    %jmp/1 T_5.5, 6;
    %dup/vec4;
    %pushi/vec4 3, 0, 4;
    %cmp/u;
    %jmp/1 T_5.6, 6;
    %dup/vec4;
    %pushi/vec4 4, 0, 4;
    %cmp/u;
    %jmp/1 T_5.7, 6;
    %dup/vec4;
    %pushi/vec4 5, 0, 4;
    %cmp/u;
    %jmp/1 T_5.8, 6;
    %dup/vec4;
    %pushi/vec4 6, 0, 4;
    %cmp/u;
    %jmp/1 T_5.9, 6;
    %dup/vec4;
    %pushi/vec4 7, 0, 4;
    %cmp/u;
    %jmp/1 T_5.10, 6;
    %dup/vec4;
    %pushi/vec4 8, 0, 4;
    %cmp/u;
    %jmp/1 T_5.11, 6;
    %dup/vec4;
    %pushi/vec4 9, 0, 4;
    %cmp/u;
    %jmp/1 T_5.12, 6;
    %dup/vec4;
    %pushi/vec4 10, 0, 4;
    %cmp/u;
    %jmp/1 T_5.13, 6;
    %pushi/vec4 905969664, 0, 32;
    %ret/vec4 0, 0, 32;  Assign to aes_rcon (store_vec4_to_lval)
    %disable/flow S_0x6406bf5bcc70;
    %jmp T_5.15;
T_5.4 ;
    %pushi/vec4 16777216, 0, 32;
    %ret/vec4 0, 0, 32;  Assign to aes_rcon (store_vec4_to_lval)
    %disable/flow S_0x6406bf5bcc70;
    %jmp T_5.15;
T_5.5 ;
    %pushi/vec4 33554432, 0, 32;
    %ret/vec4 0, 0, 32;  Assign to aes_rcon (store_vec4_to_lval)
    %disable/flow S_0x6406bf5bcc70;
    %jmp T_5.15;
T_5.6 ;
    %pushi/vec4 67108864, 0, 32;
    %ret/vec4 0, 0, 32;  Assign to aes_rcon (store_vec4_to_lval)
    %disable/flow S_0x6406bf5bcc70;
    %jmp T_5.15;
T_5.7 ;
    %pushi/vec4 134217728, 0, 32;
    %ret/vec4 0, 0, 32;  Assign to aes_rcon (store_vec4_to_lval)
    %disable/flow S_0x6406bf5bcc70;
    %jmp T_5.15;
T_5.8 ;
    %pushi/vec4 268435456, 0, 32;
    %ret/vec4 0, 0, 32;  Assign to aes_rcon (store_vec4_to_lval)
    %disable/flow S_0x6406bf5bcc70;
    %jmp T_5.15;
T_5.9 ;
    %pushi/vec4 536870912, 0, 32;
    %ret/vec4 0, 0, 32;  Assign to aes_rcon (store_vec4_to_lval)
    %disable/flow S_0x6406bf5bcc70;
    %jmp T_5.15;
T_5.10 ;
    %pushi/vec4 1073741824, 0, 32;
    %ret/vec4 0, 0, 32;  Assign to aes_rcon (store_vec4_to_lval)
    %disable/flow S_0x6406bf5bcc70;
    %jmp T_5.15;
T_5.11 ;
    %pushi/vec4 2147483648, 0, 32;
    %ret/vec4 0, 0, 32;  Assign to aes_rcon (store_vec4_to_lval)
    %disable/flow S_0x6406bf5bcc70;
    %jmp T_5.15;
T_5.12 ;
    %pushi/vec4 452984832, 0, 32;
    %ret/vec4 0, 0, 32;  Assign to aes_rcon (store_vec4_to_lval)
    %disable/flow S_0x6406bf5bcc70;
    %jmp T_5.15;
T_5.13 ;
    %pushi/vec4 905969664, 0, 32;
    %ret/vec4 0, 0, 32;  Assign to aes_rcon (store_vec4_to_lval)
    %disable/flow S_0x6406bf5bcc70;
    %jmp T_5.15;
T_5.15 ;
    %pop/vec4 1;
    %end;
S_0x6406bf5bcfe0 .scope autofunction.vec4.s8, "aes_sbox" "aes_sbox" 3 157, 3 157 0, S_0x6406bf59dc20;
 .timescale 0 0;
; Variable aes_sbox is vec4 return value of scope S_0x6406bf5bcfe0
v0x6406bf5bd2c0_0 .var "sbox_in", 7 0;
TD_$unit.aes_sbox ;
    %alloc S_0x6406bf5bd3a0;
    %alloc S_0x6406bf5bdfa0;
    %load/vec4 v0x6406bf5bd2c0_0;
    %store/vec4 v0x6406bf5be5e0_0, 0, 8;
    %callf/vec4 TD_$unit.inv8, S_0x6406bf5bdfa0;
    %free S_0x6406bf5bdfa0;
    %store/vec4 v0x6406bf5bda40_0, 0, 8;
    %callf/vec4 TD_$unit.affine, S_0x6406bf5bd3a0;
    %free S_0x6406bf5bd3a0;
    %ret/vec4 0, 0, 8;  Assign to aes_sbox (store_vec4_to_lval)
    %disable/flow S_0x6406bf5bcfe0;
    %end;
S_0x6406bf5bd3a0 .scope autofunction.vec4.s8, "affine" "affine" 3 1, 3 1 0, S_0x6406bf59dc20;
 .timescale 0 0;
P_0x6406bf5bd580 .param/l "C" 1 3 6, C4<01100011>;
; Variable affine is vec4 return value of scope S_0x6406bf5bd3a0
v0x6406bf5bda40_0 .var "x", 7 0;
v0x6406bf5bdb20_0 .var "y", 7 0;
TD_$unit.affine ;
    %fork t_5, S_0x6406bf5bd640;
    %jmp t_4;
    .scope S_0x6406bf5bd640;
t_5 ;
    %pushi/vec4 0, 0, 32;
    %store/vec4 v0x6406bf5bd840_0, 0, 32;
T_7.16 ;
    %load/vec4 v0x6406bf5bd840_0;
    %cmpi/s 8, 0, 32;
    %jmp/0xz T_7.17, 5;
    %load/vec4 v0x6406bf5bda40_0;
    %load/vec4 v0x6406bf5bd840_0;
    %part/s 1;
    %load/vec4 v0x6406bf5bda40_0;
    %load/vec4 v0x6406bf5bd840_0;
    %addi 4, 0, 32;
    %pushi/vec4 8, 0, 32;
    %mod/s;
    %part/s 1;
    %xor;
    %load/vec4 v0x6406bf5bda40_0;
    %load/vec4 v0x6406bf5bd840_0;
    %addi 5, 0, 32;
    %pushi/vec4 8, 0, 32;
    %mod/s;
    %part/s 1;
    %xor;
    %load/vec4 v0x6406bf5bda40_0;
    %load/vec4 v0x6406bf5bd840_0;
    %addi 6, 0, 32;
    %pushi/vec4 8, 0, 32;
    %mod/s;
    %part/s 1;
    %xor;
    %load/vec4 v0x6406bf5bda40_0;
    %load/vec4 v0x6406bf5bd840_0;
    %addi 7, 0, 32;
    %pushi/vec4 8, 0, 32;
    %mod/s;
    %part/s 1;
    %xor;
    %pushi/vec4 99, 0, 8;
    %load/vec4 v0x6406bf5bd840_0;
    %part/s 1;
    %xor;
    %ix/getv/s 4, v0x6406bf5bd840_0;
    %store/vec4 v0x6406bf5bdb20_0, 4, 1;
    ; show_stmt_assign_vector: Get l-value for compressed += operand
    %load/vec4 v0x6406bf5bd840_0;
    %pushi/vec4 1, 0, 32;
    %add;
    %cast2;
    %store/vec4 v0x6406bf5bd840_0, 0, 32;
    %jmp T_7.16;
T_7.17 ;
    %end;
    .scope S_0x6406bf5bd3a0;
t_4 %join;
    %load/vec4 v0x6406bf5bdb20_0;
    %ret/vec4 0, 0, 8;  Assign to affine (store_vec4_to_lval)
    %disable/flow S_0x6406bf5bd3a0;
    %end;
S_0x6406bf5bd640 .scope autobegin, "$ivl_for_loop0" "$ivl_for_loop0" 3 8, 3 8 0, S_0x6406bf5bd3a0;
 .timescale 0 0;
v0x6406bf5bd840_0 .var/2s "i", 31 0;
S_0x6406bf5bdbe0 .scope autofunction.vec4.s4, "inv4" "inv4" 3 113, 3 113 0, S_0x6406bf59dc20;
 .timescale 0 0;
v0x6406bf5bddc0_0 .var "in", 3 0;
; Variable inv4 is vec4 return value of scope S_0x6406bf5bdbe0
TD_$unit.inv4 ;
    %load/vec4 v0x6406bf5bddc0_0;
    %dup/vec4;
    %pushi/vec4 0, 0, 4;
    %cmp/u;
    %jmp/1 T_8.18, 6;
    %dup/vec4;
    %pushi/vec4 1, 0, 4;
    %cmp/u;
    %jmp/1 T_8.19, 6;
    %dup/vec4;
    %pushi/vec4 3, 0, 4;
    %cmp/u;
    %jmp/1 T_8.20, 6;
    %dup/vec4;
    %pushi/vec4 2, 0, 4;
    %cmp/u;
    %jmp/1 T_8.21, 6;
    %dup/vec4;
    %pushi/vec4 15, 0, 4;
    %cmp/u;
    %jmp/1 T_8.22, 6;
    %dup/vec4;
    %pushi/vec4 12, 0, 4;
    %cmp/u;
    %jmp/1 T_8.23, 6;
    %dup/vec4;
    %pushi/vec4 9, 0, 4;
    %cmp/u;
    %jmp/1 T_8.24, 6;
    %dup/vec4;
    %pushi/vec4 11, 0, 4;
    %cmp/u;
    %jmp/1 T_8.25, 6;
    %dup/vec4;
    %pushi/vec4 10, 0, 4;
    %cmp/u;
    %jmp/1 T_8.26, 6;
    %dup/vec4;
    %pushi/vec4 6, 0, 4;
    %cmp/u;
    %jmp/1 T_8.27, 6;
    %dup/vec4;
    %pushi/vec4 8, 0, 4;
    %cmp/u;
    %jmp/1 T_8.28, 6;
    %dup/vec4;
    %pushi/vec4 7, 0, 4;
    %cmp/u;
    %jmp/1 T_8.29, 6;
    %dup/vec4;
    %pushi/vec4 5, 0, 4;
    %cmp/u;
    %jmp/1 T_8.30, 6;
    %dup/vec4;
    %pushi/vec4 14, 0, 4;
    %cmp/u;
    %jmp/1 T_8.31, 6;
    %dup/vec4;
    %pushi/vec4 13, 0, 4;
    %cmp/u;
    %jmp/1 T_8.32, 6;
    %dup/vec4;
    %pushi/vec4 4, 0, 4;
    %cmp/u;
    %jmp/1 T_8.33, 6;
    %jmp T_8.34;
T_8.18 ;
    %pushi/vec4 0, 0, 4;
    %ret/vec4 0, 0, 4;  Assign to inv4 (store_vec4_to_lval)
    %disable/flow S_0x6406bf5bdbe0;
    %jmp T_8.34;
T_8.19 ;
    %pushi/vec4 1, 0, 4;
    %ret/vec4 0, 0, 4;  Assign to inv4 (store_vec4_to_lval)
    %disable/flow S_0x6406bf5bdbe0;
    %jmp T_8.34;
T_8.20 ;
    %pushi/vec4 2, 0, 4;
    %ret/vec4 0, 0, 4;  Assign to inv4 (store_vec4_to_lval)
    %disable/flow S_0x6406bf5bdbe0;
    %jmp T_8.34;
T_8.21 ;
    %pushi/vec4 3, 0, 4;
    %ret/vec4 0, 0, 4;  Assign to inv4 (store_vec4_to_lval)
    %disable/flow S_0x6406bf5bdbe0;
    %jmp T_8.34;
T_8.22 ;
    %pushi/vec4 4, 0, 4;
    %ret/vec4 0, 0, 4;  Assign to inv4 (store_vec4_to_lval)
    %disable/flow S_0x6406bf5bdbe0;
    %jmp T_8.34;
T_8.23 ;
    %pushi/vec4 5, 0, 4;
    %ret/vec4 0, 0, 4;  Assign to inv4 (store_vec4_to_lval)
    %disable/flow S_0x6406bf5bdbe0;
    %jmp T_8.34;
T_8.24 ;
    %pushi/vec4 6, 0, 4;
    %ret/vec4 0, 0, 4;  Assign to inv4 (store_vec4_to_lval)
    %disable/flow S_0x6406bf5bdbe0;
    %jmp T_8.34;
T_8.25 ;
    %pushi/vec4 7, 0, 4;
    %ret/vec4 0, 0, 4;  Assign to inv4 (store_vec4_to_lval)
    %disable/flow S_0x6406bf5bdbe0;
    %jmp T_8.34;
T_8.26 ;
    %pushi/vec4 8, 0, 4;
    %ret/vec4 0, 0, 4;  Assign to inv4 (store_vec4_to_lval)
    %disable/flow S_0x6406bf5bdbe0;
    %jmp T_8.34;
T_8.27 ;
    %pushi/vec4 9, 0, 4;
    %ret/vec4 0, 0, 4;  Assign to inv4 (store_vec4_to_lval)
    %disable/flow S_0x6406bf5bdbe0;
    %jmp T_8.34;
T_8.28 ;
    %pushi/vec4 10, 0, 4;
    %ret/vec4 0, 0, 4;  Assign to inv4 (store_vec4_to_lval)
    %disable/flow S_0x6406bf5bdbe0;
    %jmp T_8.34;
T_8.29 ;
    %pushi/vec4 11, 0, 4;
    %ret/vec4 0, 0, 4;  Assign to inv4 (store_vec4_to_lval)
    %disable/flow S_0x6406bf5bdbe0;
    %jmp T_8.34;
T_8.30 ;
    %pushi/vec4 12, 0, 4;
    %ret/vec4 0, 0, 4;  Assign to inv4 (store_vec4_to_lval)
    %disable/flow S_0x6406bf5bdbe0;
    %jmp T_8.34;
T_8.31 ;
    %pushi/vec4 13, 0, 4;
    %ret/vec4 0, 0, 4;  Assign to inv4 (store_vec4_to_lval)
    %disable/flow S_0x6406bf5bdbe0;
    %jmp T_8.34;
T_8.32 ;
    %pushi/vec4 14, 0, 4;
    %ret/vec4 0, 0, 4;  Assign to inv4 (store_vec4_to_lval)
    %disable/flow S_0x6406bf5bdbe0;
    %jmp T_8.34;
T_8.33 ;
    %pushi/vec4 15, 0, 4;
    %ret/vec4 0, 0, 4;  Assign to inv4 (store_vec4_to_lval)
    %disable/flow S_0x6406bf5bdbe0;
    %jmp T_8.34;
T_8.34 ;
    %pop/vec4 1;
    %end;
S_0x6406bf5bdfa0 .scope autofunction.vec4.s8, "inv8" "inv8" 3 136, 3 136 0, S_0x6406bf59dc20;
 .timescale 0 0;
v0x6406bf5be130_0 .var "a", 7 0;
v0x6406bf5be230_0 .var "aH", 3 0;
v0x6406bf5be310_0 .var "aL", 3 0;
v0x6406bf5be3d0_0 .var "b", 3 0;
; Variable inv8 is vec4 return value of scope S_0x6406bf5bdfa0
v0x6406bf5be5e0_0 .var "q", 7 0;
v0x6406bf5be6c0_0 .var "result", 7 0;
TD_$unit.inv8 ;
    %alloc S_0x6406bf570780;
    %load/vec4 v0x6406bf5be5e0_0;
    %store/vec4 v0x6406bf5bb550_0, 0, 8;
    %callf/vec4 TD_$unit.Imp, S_0x6406bf570780;
    %free S_0x6406bf570780;
    %store/vec4 v0x6406bf5be130_0, 0, 8;
    %load/vec4 v0x6406bf5be130_0;
    %split/vec4 4;
    %store/vec4 v0x6406bf5be310_0, 0, 4;
    %store/vec4 v0x6406bf5be230_0, 0, 4;
    %alloc S_0x6406bf5bdbe0;
    %alloc S_0x6406bf5703e0;
    %alloc S_0x6406bf5bbe50;
    %load/vec4 v0x6406bf5be230_0;
    %store/vec4 v0x6406bf5bc130_0, 0, 4;
    %callf/vec4 TD_$unit.S, S_0x6406bf5bbe50;
    %free S_0x6406bf5bbe50;
    %store/vec4 v0x6406bf59d7f0_0, 0, 4;
    %callf/vec4 TD_$unit.C, S_0x6406bf5703e0;
    %free S_0x6406bf5703e0;
    %alloc S_0x6406bf5bc210;
    %load/vec4 v0x6406bf5be310_0;
    %load/vec4 v0x6406bf5be230_0;
    %load/vec4 v0x6406bf5be310_0;
    %xor;
    %store/vec4 v0x6406bf5bc9d0_0, 0, 4;
    %store/vec4 v0x6406bf5bc6e0_0, 0, 4;
    %callf/vec4 TD_$unit.X, S_0x6406bf5bc210;
    %free S_0x6406bf5bc210;
    %xor;
    %store/vec4 v0x6406bf5bddc0_0, 0, 4;
    %callf/vec4 TD_$unit.inv4, S_0x6406bf5bdbe0;
    %free S_0x6406bf5bdbe0;
    %store/vec4 v0x6406bf5be3d0_0, 0, 4;
    %alloc S_0x6406bf5bb6f0;
    %alloc S_0x6406bf5bc210;
    %load/vec4 v0x6406bf5be3d0_0;
    %load/vec4 v0x6406bf5be230_0;
    %store/vec4 v0x6406bf5bc9d0_0, 0, 4;
    %store/vec4 v0x6406bf5bc6e0_0, 0, 4;
    %callf/vec4 TD_$unit.X, S_0x6406bf5bc210;
    %free S_0x6406bf5bc210;
    %alloc S_0x6406bf5bc210;
    %load/vec4 v0x6406bf5be3d0_0;
    %load/vec4 v0x6406bf5be230_0;
    %load/vec4 v0x6406bf5be310_0;
    %xor;
    %store/vec4 v0x6406bf5bc9d0_0, 0, 4;
    %store/vec4 v0x6406bf5bc6e0_0, 0, 4;
    %callf/vec4 TD_$unit.X, S_0x6406bf5bc210;
    %free S_0x6406bf5bc210;
    %concat/vec4; draw_concat_vec4
    %store/vec4 v0x6406bf5bbcb0_0, 0, 8;
    %callf/vec4 TD_$unit.ImpInv, S_0x6406bf5bb6f0;
    %free S_0x6406bf5bb6f0;
    %store/vec4 v0x6406bf5be6c0_0, 0, 8;
    %load/vec4 v0x6406bf5be6c0_0;
    %ret/vec4 0, 0, 8;  Assign to inv8 (store_vec4_to_lval)
    %disable/flow S_0x6406bf5bdfa0;
    %end;
S_0x6406bf5be7a0 .scope autofunction.vec4.s8, "mul2" "mul2" 5 1, 5 1 0, S_0x6406bf59dc20;
 .timescale 0 0;
v0x6406bf5be980_0 .var "in", 7 0;
; Variable mul2 is vec4 return value of scope S_0x6406bf5be7a0
TD_$unit.mul2 ;
    %load/vec4 v0x6406bf5be980_0;
    %parti/s 1, 7, 4;
    %flag_set/vec4 8;
    %jmp/0xz  T_10.35, 8;
    %load/vec4 v0x6406bf5be980_0;
    %ix/load 4, 1, 0;
    %flag_set/imm 4, 0;
    %shiftl 4;
    %pushi/vec4 27, 0, 8;
    %xor;
    %ret/vec4 0, 0, 8;  Assign to mul2 (store_vec4_to_lval)
    %disable/flow S_0x6406bf5be7a0;
    %jmp T_10.36;
T_10.35 ;
    %load/vec4 v0x6406bf5be980_0;
    %ix/load 4, 1, 0;
    %flag_set/imm 4, 0;
    %shiftl 4;
    %ret/vec4 0, 0, 8;  Assign to mul2 (store_vec4_to_lval)
    %disable/flow S_0x6406bf5be7a0;
T_10.36 ;
    %end;
S_0x6406bf5beb60 .scope autofunction.vec4.s8, "mul3" "mul3" 5 12, 5 12 0, S_0x6406bf59dc20;
 .timescale 0 0;
v0x6406bf5bed40_0 .var "in", 7 0;
; Variable mul3 is vec4 return value of scope S_0x6406bf5beb60
TD_$unit.mul3 ;
    %load/vec4 v0x6406bf5bed40_0;
    %parti/s 1, 7, 4;
    %flag_set/vec4 8;
    %jmp/0xz  T_11.37, 8;
    %load/vec4 v0x6406bf5bed40_0;
    %ix/load 4, 1, 0;
    %flag_set/imm 4, 0;
    %shiftl 4;
    %pushi/vec4 27, 0, 8;
    %xor;
    %load/vec4 v0x6406bf5bed40_0;
    %xor;
    %ret/vec4 0, 0, 8;  Assign to mul3 (store_vec4_to_lval)
    %disable/flow S_0x6406bf5beb60;
    %jmp T_11.38;
T_11.37 ;
    %load/vec4 v0x6406bf5bed40_0;
    %ix/load 4, 1, 0;
    %flag_set/imm 4, 0;
    %shiftl 4;
    %load/vec4 v0x6406bf5bed40_0;
    %xor;
    %ret/vec4 0, 0, 8;  Assign to mul3 (store_vec4_to_lval)
    %disable/flow S_0x6406bf5beb60;
T_11.38 ;
    %end;
S_0x6406bf5bef20 .scope autofunction.vec4.s2, "mulGf22" "mulGf22" 3 101, 3 101 0, S_0x6406bf59dc20;
 .timescale 0 0;
; Variable mulGf22 is vec4 return value of scope S_0x6406bf5bef20
v0x6406bf5bf200_0 .var "q", 1 0;
v0x6406bf5bf2e0_0 .var "w", 1 0;
TD_$unit.mulGf22 ;
    %load/vec4 v0x6406bf5bf200_0;
    %parti/s 1, 1, 2;
    %load/vec4 v0x6406bf5bf2e0_0;
    %parti/s 1, 1, 2;
    %and;
    %load/vec4 v0x6406bf5bf200_0;
    %parti/s 1, 0, 2;
    %load/vec4 v0x6406bf5bf2e0_0;
    %parti/s 1, 1, 2;
    %and;
    %xor;
    %load/vec4 v0x6406bf5bf200_0;
    %parti/s 1, 1, 2;
    %load/vec4 v0x6406bf5bf2e0_0;
    %parti/s 1, 0, 2;
    %and;
    %xor;
    %load/vec4 v0x6406bf5bf200_0;
    %parti/s 1, 1, 2;
    %load/vec4 v0x6406bf5bf2e0_0;
    %parti/s 1, 1, 2;
    %and;
    %load/vec4 v0x6406bf5bf200_0;
    %parti/s 1, 0, 2;
    %load/vec4 v0x6406bf5bf2e0_0;
    %parti/s 1, 0, 2;
    %and;
    %xor;
    %concat/vec4; draw_concat_vec4
    %ret/vec4 0, 0, 2;  Assign to mulGf22 (store_vec4_to_lval)
    %disable/flow S_0x6406bf5bef20;
    %end;
S_0x6406bf59cc20 .scope module, "aes_testbench" "aes_testbench" 6 1;
 .timescale 0 0;
v0x6406bf5d0370_0 .var "cipher_en", 0 0;
v0x6406bf5d0430_0 .var "cipher_key", 127 0;
v0x6406bf5d04f0_0 .net "cipher_ready", 0 0, v0x6406bf5cd280_0;  1 drivers
v0x6406bf5d05e0_0 .net "cipher_text", 127 0, L_0x6406bf59d5d0;  1 drivers
v0x6406bf5d06d0_0 .var "clk_sys", 0 0;
v0x6406bf5d07c0_0 .var "plain_text", 127 0;
v0x6406bf5d08d0_0 .var "rst_n", 0 0;
S_0x6406bf5bf3a0 .scope module, "aes_top" "aes_top" 6 12, 7 4 0, S_0x6406bf59cc20;
 .timescale 0 0;
    .port_info 0 /INPUT 1 "clk";
    .port_info 1 /INPUT 1 "rst_n";
    .port_info 2 /INPUT 128 "key";
    .port_info 3 /INPUT 128 "plain_text";
    .port_info 4 /INPUT 1 "enable";
    .port_info 5 /OUTPUT 128 "result";
    .port_info 6 /OUTPUT 1 "ready";
v0x6406bf5cfa30_0 .net "clk", 0 0, v0x6406bf5d06d0_0;  1 drivers
v0x6406bf5cfaf0_0 .net "enable", 0 0, v0x6406bf5d0370_0;  1 drivers
v0x6406bf5cfc00_0 .net "key", 127 0, v0x6406bf5d0430_0;  1 drivers
v0x6406bf5cfcf0_0 .net "plain_text", 127 0, v0x6406bf5d07c0_0;  1 drivers
v0x6406bf5cfd90_0 .net "ready", 0 0, v0x6406bf5cd280_0;  alias, 1 drivers
v0x6406bf5cfe80_0 .net "result", 127 0, L_0x6406bf59d5d0;  alias, 1 drivers
v0x6406bf5cff20_0 .net "rkey_en", 0 0, v0x6406bf5cd850_0;  1 drivers
v0x6406bf5d0010_0 .net "round_key", 127 0, L_0x6406bf5dbf10;  1 drivers
v0x6406bf5d0100_0 .net "round_num", 3 0, L_0x6406bf5d0a00;  1 drivers
v0x6406bf5d01a0_0 .net "rst_n", 0 0, v0x6406bf5d08d0_0;  1 drivers
S_0x6406bf5bf650 .scope module, "u_cipher" "aes_cipher_core" 7 21, 8 5 0, S_0x6406bf5bf3a0;
 .timescale 0 0;
    .port_info 0 /INPUT 1 "clk";
    .port_info 1 /INPUT 1 "rst_n";
    .port_info 2 /INPUT 128 "cipher_key";
    .port_info 3 /INPUT 128 "plain_text";
    .port_info 4 /INPUT 1 "cipher_en";
    .port_info 5 /INPUT 128 "round_key";
    .port_info 6 /OUTPUT 128 "cipher_text";
    .port_info 7 /OUTPUT 1 "cipher_ready";
    .port_info 8 /OUTPUT 4 "round_num";
    .port_info 9 /OUTPUT 1 "round_key_en";
L_0x6406bf59d5d0 .functor BUFZ 128, v0x6406bf5cd420_0, C4<00000000000000000000000000000000000000000000000000000000000000000000000000000000000000000000000000000000000000000000000000000000>, C4<00000000000000000000000000000000000000000000000000000000000000000000000000000000000000000000000000000000000000000000000000000000>, C4<00000000000000000000000000000000000000000000000000000000000000000000000000000000000000000000000000000000000000000000000000000000>;
L_0x6406bf5d0a00 .functor BUFZ 4, v0x6406bf5ccf70_0, C4<0000>, C4<0000>, C4<0000>;
L_0x6406bf5da850 .functor XOR 128, L_0x6406bf5dbf10, L_0x6406bf5d3d30, C4<00000000000000000000000000000000000000000000000000000000000000000000000000000000000000000000000000000000000000000000000000000000>, C4<00000000000000000000000000000000000000000000000000000000000000000000000000000000000000000000000000000000000000000000000000000000>;
L_0x6406bf5da8c0 .functor XOR 128, L_0x6406bf5dbf10, L_0x6406bf5d9190, C4<00000000000000000000000000000000000000000000000000000000000000000000000000000000000000000000000000000000000000000000000000000000>, C4<00000000000000000000000000000000000000000000000000000000000000000000000000000000000000000000000000000000000000000000000000000000>;
v0x6406bf5cc810_0 .net *"_ivl_10", 127 0, L_0x6406bf5da8c0;  1 drivers
L_0x79aaf1929018 .functor BUFT 1, C4<1010>, C4<0>, C4<0>, C4<0>;
v0x6406bf5cc8f0_0 .net/2u *"_ivl_4", 3 0, L_0x79aaf1929018;  1 drivers
v0x6406bf5cc9d0_0 .net *"_ivl_6", 0 0, L_0x6406bf5da7b0;  1 drivers
v0x6406bf5ccaa0_0 .net *"_ivl_8", 127 0, L_0x6406bf5da850;  1 drivers
v0x6406bf5ccb80_0 .net "afterAddRoundKey", 127 0, L_0x6406bf5da930;  1 drivers
v0x6406bf5cccb0_0 .net "afterMixColumns", 127 0, L_0x6406bf5d9190;  1 drivers
v0x6406bf5ccd70_0 .net "afterShiftRows", 127 0, L_0x6406bf5d3d30;  1 drivers
v0x6406bf5cce60_0 .net "afterSubBytes", 127 0, L_0x6406bf5d2690;  1 drivers
v0x6406bf5ccf70_0 .var "cipher_counter", 3 0;
v0x6406bf5cd0e0_0 .net "cipher_en", 0 0, v0x6406bf5d0370_0;  alias, 1 drivers
v0x6406bf5cd1a0_0 .net "cipher_key", 127 0, v0x6406bf5d0430_0;  alias, 1 drivers
v0x6406bf5cd280_0 .var "cipher_ready", 0 0;
v0x6406bf5cd340_0 .net "cipher_text", 127 0, L_0x6406bf59d5d0;  alias, 1 drivers
v0x6406bf5cd420_0 .var "cipher_text_reg", 127 0;
v0x6406bf5cd4e0_0 .net "clk", 0 0, v0x6406bf5d06d0_0;  alias, 1 drivers
v0x6406bf5cd580_0 .net "plain_text", 127 0, v0x6406bf5d07c0_0;  alias, 1 drivers
v0x6406bf5cd660_0 .net "round_key", 127 0, L_0x6406bf5dbf10;  alias, 1 drivers
v0x6406bf5cd850_0 .var "round_key_en", 0 0;
v0x6406bf5cd910_0 .net "round_num", 3 0, L_0x6406bf5d0a00;  alias, 1 drivers
v0x6406bf5cd9f0_0 .net "rst_n", 0 0, v0x6406bf5d08d0_0;  alias, 1 drivers
E_0x6406bf5028c0/0 .event negedge, v0x6406bf5cd9f0_0;
E_0x6406bf5028c0/1 .event posedge, v0x6406bf5cd4e0_0;
E_0x6406bf5028c0 .event/or E_0x6406bf5028c0/0, E_0x6406bf5028c0/1;
L_0x6406bf5da7b0 .cmp/eq 4, v0x6406bf5ccf70_0, L_0x79aaf1929018;
L_0x6406bf5da930 .functor MUXZ 128, L_0x6406bf5da8c0, L_0x6406bf5da850, L_0x6406bf5da7b0, C4<>;
S_0x6406bf5bf990 .scope module, "u_mix_columns" "aes_mix_columns" 8 38, 5 23 0, S_0x6406bf5bf650;
 .timescale 0 0;
    .port_info 0 /INPUT 128 "state_in";
    .port_info 1 /OUTPUT 128 "state_out";
v0x6406bf5c6450_0 .net "state_in", 127 0, L_0x6406bf5d3d30;  alias, 1 drivers
v0x6406bf5c6550_0 .net "state_out", 127 0, L_0x6406bf5d9190;  alias, 1 drivers
L_0x6406bf5d45d0 .part L_0x6406bf5d3d30, 0, 32;
L_0x6406bf5d5ed0 .part L_0x6406bf5d3d30, 32, 32;
L_0x6406bf5d7800 .part L_0x6406bf5d3d30, 64, 32;
L_0x6406bf5d90c0 .part L_0x6406bf5d3d30, 96, 32;
L_0x6406bf5d9190 .concat8 [ 32 32 32 32], L_0x6406bf5d4700, L_0x6406bf5d5f70, L_0x6406bf5d78a0, L_0x6406bf5d9320;
S_0x6406bf5bfbb0 .scope generate, "GEN_COL[0]" "GEN_COL[0]" 5 31, 5 31 0, S_0x6406bf5bf990;
 .timescale 0 0;
P_0x6406bf5bfdd0 .param/l "i" 1 5 31, +C4<00>;
L_0x6406bf5d1f40 .functor XOR 8, L_0x6406bf5d47a0, L_0x6406bf5d4880, C4<00000000>, C4<00000000>;
L_0x6406bf5d49c0 .functor XOR 8, L_0x6406bf5d1f40, L_0x6406bf5d4400, C4<00000000>, C4<00000000>;
L_0x6406bf5d4ad0 .functor XOR 8, L_0x6406bf5d49c0, L_0x6406bf5d44a0, C4<00000000>, C4<00000000>;
L_0x6406bf5d4d20 .functor XOR 8, L_0x6406bf5d4270, L_0x6406bf5d4c30, C4<00000000>, C4<00000000>;
L_0x6406bf5d4e80 .functor XOR 8, L_0x6406bf5d4d20, L_0x6406bf5d4de0, C4<00000000>, C4<00000000>;
L_0x6406bf5d4f90 .functor XOR 8, L_0x6406bf5d4e80, L_0x6406bf5d44a0, C4<00000000>, C4<00000000>;
L_0x6406bf5d50e0 .functor XOR 8, L_0x6406bf5d4270, L_0x6406bf5d4310, C4<00000000>, C4<00000000>;
L_0x6406bf5d5400 .functor XOR 8, L_0x6406bf5d50e0, L_0x6406bf5d5270, C4<00000000>, C4<00000000>;
L_0x6406bf5d55f0 .functor XOR 8, L_0x6406bf5d5400, L_0x6406bf5d54c0, C4<00000000>, C4<00000000>;
L_0x6406bf5d5770 .functor XOR 8, L_0x6406bf5d5660, L_0x6406bf5d4310, C4<00000000>, C4<00000000>;
L_0x6406bf5d5890 .functor XOR 8, L_0x6406bf5d5770, L_0x6406bf5d4400, C4<00000000>, C4<00000000>;
L_0x6406bf5d59a0 .functor XOR 8, L_0x6406bf5d5890, L_0x6406bf5d5900, C4<00000000>, C4<00000000>;
v0x6406bf5bfeb0_0 .net *"_ivl_11", 7 0, L_0x6406bf5d4880;  1 drivers
v0x6406bf5bff90_0 .net *"_ivl_12", 7 0, L_0x6406bf5d1f40;  1 drivers
v0x6406bf5c0070_0 .net *"_ivl_14", 7 0, L_0x6406bf5d49c0;  1 drivers
v0x6406bf5c0130_0 .net *"_ivl_19", 7 0, L_0x6406bf5d4c30;  1 drivers
v0x6406bf5c0210_0 .net *"_ivl_20", 7 0, L_0x6406bf5d4d20;  1 drivers
v0x6406bf5c0340_0 .net *"_ivl_23", 7 0, L_0x6406bf5d4de0;  1 drivers
v0x6406bf5c0420_0 .net *"_ivl_24", 7 0, L_0x6406bf5d4e80;  1 drivers
v0x6406bf5c0500_0 .net *"_ivl_28", 7 0, L_0x6406bf5d50e0;  1 drivers
v0x6406bf5c05e0_0 .net *"_ivl_31", 7 0, L_0x6406bf5d5270;  1 drivers
v0x6406bf5c06c0_0 .net *"_ivl_32", 7 0, L_0x6406bf5d5400;  1 drivers
v0x6406bf5c07a0_0 .net *"_ivl_35", 7 0, L_0x6406bf5d54c0;  1 drivers
v0x6406bf5c0880_0 .net *"_ivl_39", 7 0, L_0x6406bf5d5660;  1 drivers
v0x6406bf5c0960_0 .net *"_ivl_40", 7 0, L_0x6406bf5d5770;  1 drivers
v0x6406bf5c0a40_0 .net *"_ivl_42", 7 0, L_0x6406bf5d5890;  1 drivers
v0x6406bf5c0b20_0 .net *"_ivl_45", 7 0, L_0x6406bf5d5900;  1 drivers
v0x6406bf5c0c00_0 .net *"_ivl_5", 31 0, L_0x6406bf5d45d0;  1 drivers
v0x6406bf5c0ce0_0 .net *"_ivl_6", 31 0, L_0x6406bf5d4700;  1 drivers
v0x6406bf5c0dc0_0 .net *"_ivl_9", 7 0, L_0x6406bf5d47a0;  1 drivers
v0x6406bf5c0ea0_0 .net "a0", 7 0, L_0x6406bf5d4270;  1 drivers
v0x6406bf5c0f80_0 .net "a1", 7 0, L_0x6406bf5d4310;  1 drivers
v0x6406bf5c1060_0 .net "a2", 7 0, L_0x6406bf5d4400;  1 drivers
v0x6406bf5c1140_0 .net "a3", 7 0, L_0x6406bf5d44a0;  1 drivers
v0x6406bf5c1220_0 .net "b0", 7 0, L_0x6406bf5d4ad0;  1 drivers
v0x6406bf5c1300_0 .net "b1", 7 0, L_0x6406bf5d4f90;  1 drivers
v0x6406bf5c13e0_0 .net "b2", 7 0, L_0x6406bf5d55f0;  1 drivers
v0x6406bf5c14c0_0 .net "b3", 7 0, L_0x6406bf5d59a0;  1 drivers
L_0x6406bf5d4270 .part L_0x6406bf5d45d0, 24, 8;
L_0x6406bf5d4310 .part L_0x6406bf5d45d0, 16, 8;
L_0x6406bf5d4400 .part L_0x6406bf5d45d0, 8, 8;
L_0x6406bf5d44a0 .part L_0x6406bf5d45d0, 0, 8;
L_0x6406bf5d4700 .concat [ 8 8 8 8], L_0x6406bf5d59a0, L_0x6406bf5d55f0, L_0x6406bf5d4f90, L_0x6406bf5d4ad0;
L_0x6406bf5d47a0 .ufunc/vec4 TD_$unit.mul2, 8, L_0x6406bf5d4270 (v0x6406bf5be980_0) S_0x6406bf5be7a0;
L_0x6406bf5d4880 .ufunc/vec4 TD_$unit.mul3, 8, L_0x6406bf5d4310 (v0x6406bf5bed40_0) S_0x6406bf5beb60;
L_0x6406bf5d4c30 .ufunc/vec4 TD_$unit.mul2, 8, L_0x6406bf5d4310 (v0x6406bf5be980_0) S_0x6406bf5be7a0;
L_0x6406bf5d4de0 .ufunc/vec4 TD_$unit.mul3, 8, L_0x6406bf5d4400 (v0x6406bf5bed40_0) S_0x6406bf5beb60;
L_0x6406bf5d5270 .ufunc/vec4 TD_$unit.mul2, 8, L_0x6406bf5d4400 (v0x6406bf5be980_0) S_0x6406bf5be7a0;
L_0x6406bf5d54c0 .ufunc/vec4 TD_$unit.mul3, 8, L_0x6406bf5d44a0 (v0x6406bf5bed40_0) S_0x6406bf5beb60;
L_0x6406bf5d5660 .ufunc/vec4 TD_$unit.mul3, 8, L_0x6406bf5d4270 (v0x6406bf5bed40_0) S_0x6406bf5beb60;
L_0x6406bf5d5900 .ufunc/vec4 TD_$unit.mul2, 8, L_0x6406bf5d44a0 (v0x6406bf5be980_0) S_0x6406bf5be7a0;
S_0x6406bf5c15a0 .scope generate, "GEN_COL[1]" "GEN_COL[1]" 5 31, 5 31 0, S_0x6406bf5bf990;
 .timescale 0 0;
P_0x6406bf5c1770 .param/l "i" 1 5 31, +C4<01>;
L_0x6406bf5d61e0 .functor XOR 8, L_0x6406bf5d6010, L_0x6406bf5d60f0, C4<00000000>, C4<00000000>;
L_0x6406bf5d62f0 .functor XOR 8, L_0x6406bf5d61e0, L_0x6406bf5d5d00, C4<00000000>, C4<00000000>;
L_0x6406bf5d6400 .functor XOR 8, L_0x6406bf5d62f0, L_0x6406bf5d5da0, C4<00000000>, C4<00000000>;
L_0x6406bf5d6650 .functor XOR 8, L_0x6406bf5d5b70, L_0x6406bf5d6560, C4<00000000>, C4<00000000>;
L_0x6406bf5d67b0 .functor XOR 8, L_0x6406bf5d6650, L_0x6406bf5d6710, C4<00000000>, C4<00000000>;
L_0x6406bf5d68c0 .functor XOR 8, L_0x6406bf5d67b0, L_0x6406bf5d5da0, C4<00000000>, C4<00000000>;
L_0x6406bf5d6a10 .functor XOR 8, L_0x6406bf5d5b70, L_0x6406bf5d5c10, C4<00000000>, C4<00000000>;
L_0x6406bf5d6d30 .functor XOR 8, L_0x6406bf5d6a10, L_0x6406bf5d6ba0, C4<00000000>, C4<00000000>;
L_0x6406bf5d6f20 .functor XOR 8, L_0x6406bf5d6d30, L_0x6406bf5d6df0, C4<00000000>, C4<00000000>;
L_0x6406bf5d70a0 .functor XOR 8, L_0x6406bf5d6f90, L_0x6406bf5d5c10, C4<00000000>, C4<00000000>;
L_0x6406bf5d71c0 .functor XOR 8, L_0x6406bf5d70a0, L_0x6406bf5d5d00, C4<00000000>, C4<00000000>;
L_0x6406bf5d72d0 .functor XOR 8, L_0x6406bf5d71c0, L_0x6406bf5d7230, C4<00000000>, C4<00000000>;
v0x6406bf5c1830_0 .net *"_ivl_11", 7 0, L_0x6406bf5d60f0;  1 drivers
v0x6406bf5c1910_0 .net *"_ivl_12", 7 0, L_0x6406bf5d61e0;  1 drivers
v0x6406bf5c19f0_0 .net *"_ivl_14", 7 0, L_0x6406bf5d62f0;  1 drivers
v0x6406bf5c1ab0_0 .net *"_ivl_19", 7 0, L_0x6406bf5d6560;  1 drivers
v0x6406bf5c1b90_0 .net *"_ivl_20", 7 0, L_0x6406bf5d6650;  1 drivers
v0x6406bf5c1cc0_0 .net *"_ivl_23", 7 0, L_0x6406bf5d6710;  1 drivers
v0x6406bf5c1da0_0 .net *"_ivl_24", 7 0, L_0x6406bf5d67b0;  1 drivers
v0x6406bf5c1e80_0 .net *"_ivl_28", 7 0, L_0x6406bf5d6a10;  1 drivers
v0x6406bf5c1f60_0 .net *"_ivl_31", 7 0, L_0x6406bf5d6ba0;  1 drivers
v0x6406bf5c2040_0 .net *"_ivl_32", 7 0, L_0x6406bf5d6d30;  1 drivers
v0x6406bf5c2120_0 .net *"_ivl_35", 7 0, L_0x6406bf5d6df0;  1 drivers
v0x6406bf5c2200_0 .net *"_ivl_39", 7 0, L_0x6406bf5d6f90;  1 drivers
v0x6406bf5c22e0_0 .net *"_ivl_40", 7 0, L_0x6406bf5d70a0;  1 drivers
v0x6406bf5c23c0_0 .net *"_ivl_42", 7 0, L_0x6406bf5d71c0;  1 drivers
v0x6406bf5c24a0_0 .net *"_ivl_45", 7 0, L_0x6406bf5d7230;  1 drivers
v0x6406bf5c2580_0 .net *"_ivl_5", 31 0, L_0x6406bf5d5ed0;  1 drivers
v0x6406bf5c2660_0 .net *"_ivl_6", 31 0, L_0x6406bf5d5f70;  1 drivers
v0x6406bf5c2740_0 .net *"_ivl_9", 7 0, L_0x6406bf5d6010;  1 drivers
v0x6406bf5c2820_0 .net "a0", 7 0, L_0x6406bf5d5b70;  1 drivers
v0x6406bf5c2900_0 .net "a1", 7 0, L_0x6406bf5d5c10;  1 drivers
v0x6406bf5c29e0_0 .net "a2", 7 0, L_0x6406bf5d5d00;  1 drivers
v0x6406bf5c2ac0_0 .net "a3", 7 0, L_0x6406bf5d5da0;  1 drivers
v0x6406bf5c2ba0_0 .net "b0", 7 0, L_0x6406bf5d6400;  1 drivers
v0x6406bf5c2c80_0 .net "b1", 7 0, L_0x6406bf5d68c0;  1 drivers
v0x6406bf5c2d60_0 .net "b2", 7 0, L_0x6406bf5d6f20;  1 drivers
v0x6406bf5c2e40_0 .net "b3", 7 0, L_0x6406bf5d72d0;  1 drivers
L_0x6406bf5d5b70 .part L_0x6406bf5d5ed0, 24, 8;
L_0x6406bf5d5c10 .part L_0x6406bf5d5ed0, 16, 8;
L_0x6406bf5d5d00 .part L_0x6406bf5d5ed0, 8, 8;
L_0x6406bf5d5da0 .part L_0x6406bf5d5ed0, 0, 8;
L_0x6406bf5d5f70 .concat [ 8 8 8 8], L_0x6406bf5d72d0, L_0x6406bf5d6f20, L_0x6406bf5d68c0, L_0x6406bf5d6400;
L_0x6406bf5d6010 .ufunc/vec4 TD_$unit.mul2, 8, L_0x6406bf5d5b70 (v0x6406bf5be980_0) S_0x6406bf5be7a0;
L_0x6406bf5d60f0 .ufunc/vec4 TD_$unit.mul3, 8, L_0x6406bf5d5c10 (v0x6406bf5bed40_0) S_0x6406bf5beb60;
L_0x6406bf5d6560 .ufunc/vec4 TD_$unit.mul2, 8, L_0x6406bf5d5c10 (v0x6406bf5be980_0) S_0x6406bf5be7a0;
L_0x6406bf5d6710 .ufunc/vec4 TD_$unit.mul3, 8, L_0x6406bf5d5d00 (v0x6406bf5bed40_0) S_0x6406bf5beb60;
L_0x6406bf5d6ba0 .ufunc/vec4 TD_$unit.mul2, 8, L_0x6406bf5d5d00 (v0x6406bf5be980_0) S_0x6406bf5be7a0;
L_0x6406bf5d6df0 .ufunc/vec4 TD_$unit.mul3, 8, L_0x6406bf5d5da0 (v0x6406bf5bed40_0) S_0x6406bf5beb60;
L_0x6406bf5d6f90 .ufunc/vec4 TD_$unit.mul3, 8, L_0x6406bf5d5b70 (v0x6406bf5bed40_0) S_0x6406bf5beb60;
L_0x6406bf5d7230 .ufunc/vec4 TD_$unit.mul2, 8, L_0x6406bf5d5da0 (v0x6406bf5be980_0) S_0x6406bf5be7a0;
S_0x6406bf5c2f20 .scope generate, "GEN_COL[2]" "GEN_COL[2]" 5 31, 5 31 0, S_0x6406bf5bf990;
 .timescale 0 0;
P_0x6406bf5c30d0 .param/l "i" 1 5 31, +C4<010>;
L_0x6406bf5d7b10 .functor XOR 8, L_0x6406bf5d7940, L_0x6406bf5d7a20, C4<00000000>, C4<00000000>;
L_0x6406bf5d7c20 .functor XOR 8, L_0x6406bf5d7b10, L_0x6406bf5d7630, C4<00000000>, C4<00000000>;
L_0x6406bf5d7d30 .functor XOR 8, L_0x6406bf5d7c20, L_0x6406bf5d76d0, C4<00000000>, C4<00000000>;
L_0x6406bf5d7f80 .functor XOR 8, L_0x6406bf5d74a0, L_0x6406bf5d7e90, C4<00000000>, C4<00000000>;
L_0x6406bf5d8110 .functor XOR 8, L_0x6406bf5d7f80, L_0x6406bf5d8070, C4<00000000>, C4<00000000>;
L_0x6406bf5d8220 .functor XOR 8, L_0x6406bf5d8110, L_0x6406bf5d76d0, C4<00000000>, C4<00000000>;
L_0x6406bf5d8330 .functor XOR 8, L_0x6406bf5d74a0, L_0x6406bf5d7540, C4<00000000>, C4<00000000>;
L_0x6406bf5d8650 .functor XOR 8, L_0x6406bf5d8330, L_0x6406bf5d84c0, C4<00000000>, C4<00000000>;
L_0x6406bf5d8840 .functor XOR 8, L_0x6406bf5d8650, L_0x6406bf5d8710, C4<00000000>, C4<00000000>;
L_0x6406bf5d89c0 .functor XOR 8, L_0x6406bf5d88b0, L_0x6406bf5d7540, C4<00000000>, C4<00000000>;
L_0x6406bf5d8a80 .functor XOR 8, L_0x6406bf5d89c0, L_0x6406bf5d7630, C4<00000000>, C4<00000000>;
L_0x6406bf5d8b90 .functor XOR 8, L_0x6406bf5d8a80, L_0x6406bf5d8af0, C4<00000000>, C4<00000000>;
v0x6406bf5c3190_0 .net *"_ivl_11", 7 0, L_0x6406bf5d7a20;  1 drivers
v0x6406bf5c3270_0 .net *"_ivl_12", 7 0, L_0x6406bf5d7b10;  1 drivers
v0x6406bf5c3350_0 .net *"_ivl_14", 7 0, L_0x6406bf5d7c20;  1 drivers
v0x6406bf5c3440_0 .net *"_ivl_19", 7 0, L_0x6406bf5d7e90;  1 drivers
v0x6406bf5c3520_0 .net *"_ivl_20", 7 0, L_0x6406bf5d7f80;  1 drivers
v0x6406bf5c3650_0 .net *"_ivl_23", 7 0, L_0x6406bf5d8070;  1 drivers
v0x6406bf5c3730_0 .net *"_ivl_24", 7 0, L_0x6406bf5d8110;  1 drivers
v0x6406bf5c3810_0 .net *"_ivl_28", 7 0, L_0x6406bf5d8330;  1 drivers
v0x6406bf5c38f0_0 .net *"_ivl_31", 7 0, L_0x6406bf5d84c0;  1 drivers
v0x6406bf5c39d0_0 .net *"_ivl_32", 7 0, L_0x6406bf5d8650;  1 drivers
v0x6406bf5c3ab0_0 .net *"_ivl_35", 7 0, L_0x6406bf5d8710;  1 drivers
v0x6406bf5c3b90_0 .net *"_ivl_39", 7 0, L_0x6406bf5d88b0;  1 drivers
v0x6406bf5c3c70_0 .net *"_ivl_40", 7 0, L_0x6406bf5d89c0;  1 drivers
v0x6406bf5c3d50_0 .net *"_ivl_42", 7 0, L_0x6406bf5d8a80;  1 drivers
v0x6406bf5c3e30_0 .net *"_ivl_45", 7 0, L_0x6406bf5d8af0;  1 drivers
v0x6406bf5c3f10_0 .net *"_ivl_5", 31 0, L_0x6406bf5d7800;  1 drivers
v0x6406bf5c3ff0_0 .net *"_ivl_6", 31 0, L_0x6406bf5d78a0;  1 drivers
v0x6406bf5c41e0_0 .net *"_ivl_9", 7 0, L_0x6406bf5d7940;  1 drivers
v0x6406bf5c42c0_0 .net "a0", 7 0, L_0x6406bf5d74a0;  1 drivers
v0x6406bf5c43a0_0 .net "a1", 7 0, L_0x6406bf5d7540;  1 drivers
v0x6406bf5c4480_0 .net "a2", 7 0, L_0x6406bf5d7630;  1 drivers
v0x6406bf5c4560_0 .net "a3", 7 0, L_0x6406bf5d76d0;  1 drivers
v0x6406bf5c4640_0 .net "b0", 7 0, L_0x6406bf5d7d30;  1 drivers
v0x6406bf5c4720_0 .net "b1", 7 0, L_0x6406bf5d8220;  1 drivers
v0x6406bf5c4800_0 .net "b2", 7 0, L_0x6406bf5d8840;  1 drivers
v0x6406bf5c48e0_0 .net "b3", 7 0, L_0x6406bf5d8b90;  1 drivers
L_0x6406bf5d74a0 .part L_0x6406bf5d7800, 24, 8;
L_0x6406bf5d7540 .part L_0x6406bf5d7800, 16, 8;
L_0x6406bf5d7630 .part L_0x6406bf5d7800, 8, 8;
L_0x6406bf5d76d0 .part L_0x6406bf5d7800, 0, 8;
L_0x6406bf5d78a0 .concat [ 8 8 8 8], L_0x6406bf5d8b90, L_0x6406bf5d8840, L_0x6406bf5d8220, L_0x6406bf5d7d30;
L_0x6406bf5d7940 .ufunc/vec4 TD_$unit.mul2, 8, L_0x6406bf5d74a0 (v0x6406bf5be980_0) S_0x6406bf5be7a0;
L_0x6406bf5d7a20 .ufunc/vec4 TD_$unit.mul3, 8, L_0x6406bf5d7540 (v0x6406bf5bed40_0) S_0x6406bf5beb60;
L_0x6406bf5d7e90 .ufunc/vec4 TD_$unit.mul2, 8, L_0x6406bf5d7540 (v0x6406bf5be980_0) S_0x6406bf5be7a0;
L_0x6406bf5d8070 .ufunc/vec4 TD_$unit.mul3, 8, L_0x6406bf5d7630 (v0x6406bf5bed40_0) S_0x6406bf5beb60;
L_0x6406bf5d84c0 .ufunc/vec4 TD_$unit.mul2, 8, L_0x6406bf5d7630 (v0x6406bf5be980_0) S_0x6406bf5be7a0;
L_0x6406bf5d8710 .ufunc/vec4 TD_$unit.mul3, 8, L_0x6406bf5d76d0 (v0x6406bf5bed40_0) S_0x6406bf5beb60;
L_0x6406bf5d88b0 .ufunc/vec4 TD_$unit.mul3, 8, L_0x6406bf5d74a0 (v0x6406bf5bed40_0) S_0x6406bf5beb60;
L_0x6406bf5d8af0 .ufunc/vec4 TD_$unit.mul2, 8, L_0x6406bf5d76d0 (v0x6406bf5be980_0) S_0x6406bf5be7a0;
S_0x6406bf5c49c0 .scope generate, "GEN_COL[3]" "GEN_COL[3]" 5 31, 5 31 0, S_0x6406bf5bf990;
 .timescale 0 0;
P_0x6406bf5c4b70 .param/l "i" 1 5 31, +C4<011>;
L_0x6406bf5d95f0 .functor XOR 8, L_0x6406bf5d9410, L_0x6406bf5d9500, C4<00000000>, C4<00000000>;
L_0x6406bf5d9700 .functor XOR 8, L_0x6406bf5d95f0, L_0x6406bf5d8ef0, C4<00000000>, C4<00000000>;
L_0x6406bf5d9810 .functor XOR 8, L_0x6406bf5d9700, L_0x6406bf5d8f90, C4<00000000>, C4<00000000>;
L_0x6406bf5d9a60 .functor XOR 8, L_0x6406bf5d8d60, L_0x6406bf5d9970, C4<00000000>, C4<00000000>;
L_0x6406bf5d9bc0 .functor XOR 8, L_0x6406bf5d9a60, L_0x6406bf5d9b20, C4<00000000>, C4<00000000>;
L_0x6406bf5d9cd0 .functor XOR 8, L_0x6406bf5d9bc0, L_0x6406bf5d8f90, C4<00000000>, C4<00000000>;
L_0x6406bf5d9de0 .functor XOR 8, L_0x6406bf5d8d60, L_0x6406bf5d8e00, C4<00000000>, C4<00000000>;
L_0x6406bf5da0a0 .functor XOR 8, L_0x6406bf5d9de0, L_0x6406bf5d9f70, C4<00000000>, C4<00000000>;
L_0x6406bf5da290 .functor XOR 8, L_0x6406bf5da0a0, L_0x6406bf5da160, C4<00000000>, C4<00000000>;
L_0x6406bf5da410 .functor XOR 8, L_0x6406bf5da300, L_0x6406bf5d8e00, C4<00000000>, C4<00000000>;
L_0x6406bf5da4d0 .functor XOR 8, L_0x6406bf5da410, L_0x6406bf5d8ef0, C4<00000000>, C4<00000000>;
L_0x6406bf5da5e0 .functor XOR 8, L_0x6406bf5da4d0, L_0x6406bf5da540, C4<00000000>, C4<00000000>;
v0x6406bf5c4c50_0 .net *"_ivl_11", 7 0, L_0x6406bf5d9500;  1 drivers
v0x6406bf5c4d30_0 .net *"_ivl_12", 7 0, L_0x6406bf5d95f0;  1 drivers
v0x6406bf5c4e10_0 .net *"_ivl_14", 7 0, L_0x6406bf5d9700;  1 drivers
v0x6406bf5c4ed0_0 .net *"_ivl_19", 7 0, L_0x6406bf5d9970;  1 drivers
v0x6406bf5c4fb0_0 .net *"_ivl_20", 7 0, L_0x6406bf5d9a60;  1 drivers
v0x6406bf5c50e0_0 .net *"_ivl_23", 7 0, L_0x6406bf5d9b20;  1 drivers
v0x6406bf5c51c0_0 .net *"_ivl_24", 7 0, L_0x6406bf5d9bc0;  1 drivers
v0x6406bf5c52a0_0 .net *"_ivl_28", 7 0, L_0x6406bf5d9de0;  1 drivers
v0x6406bf5c5380_0 .net *"_ivl_31", 7 0, L_0x6406bf5d9f70;  1 drivers
v0x6406bf5c5460_0 .net *"_ivl_32", 7 0, L_0x6406bf5da0a0;  1 drivers
v0x6406bf5c5540_0 .net *"_ivl_35", 7 0, L_0x6406bf5da160;  1 drivers
v0x6406bf5c5620_0 .net *"_ivl_39", 7 0, L_0x6406bf5da300;  1 drivers
v0x6406bf5c5700_0 .net *"_ivl_40", 7 0, L_0x6406bf5da410;  1 drivers
v0x6406bf5c57e0_0 .net *"_ivl_42", 7 0, L_0x6406bf5da4d0;  1 drivers
v0x6406bf5c58c0_0 .net *"_ivl_45", 7 0, L_0x6406bf5da540;  1 drivers
v0x6406bf5c59a0_0 .net *"_ivl_5", 31 0, L_0x6406bf5d90c0;  1 drivers
v0x6406bf5c5a80_0 .net *"_ivl_6", 31 0, L_0x6406bf5d9320;  1 drivers
v0x6406bf5c5c70_0 .net *"_ivl_9", 7 0, L_0x6406bf5d9410;  1 drivers
v0x6406bf5c5d50_0 .net "a0", 7 0, L_0x6406bf5d8d60;  1 drivers
v0x6406bf5c5e30_0 .net "a1", 7 0, L_0x6406bf5d8e00;  1 drivers
v0x6406bf5c5f10_0 .net "a2", 7 0, L_0x6406bf5d8ef0;  1 drivers
v0x6406bf5c5ff0_0 .net "a3", 7 0, L_0x6406bf5d8f90;  1 drivers
v0x6406bf5c60d0_0 .net "b0", 7 0, L_0x6406bf5d9810;  1 drivers
v0x6406bf5c61b0_0 .net "b1", 7 0, L_0x6406bf5d9cd0;  1 drivers
v0x6406bf5c6290_0 .net "b2", 7 0, L_0x6406bf5da290;  1 drivers
v0x6406bf5c6370_0 .net "b3", 7 0, L_0x6406bf5da5e0;  1 drivers
L_0x6406bf5d8d60 .part L_0x6406bf5d90c0, 24, 8;
L_0x6406bf5d8e00 .part L_0x6406bf5d90c0, 16, 8;
L_0x6406bf5d8ef0 .part L_0x6406bf5d90c0, 8, 8;
L_0x6406bf5d8f90 .part L_0x6406bf5d90c0, 0, 8;
L_0x6406bf5d9320 .concat [ 8 8 8 8], L_0x6406bf5da5e0, L_0x6406bf5da290, L_0x6406bf5d9cd0, L_0x6406bf5d9810;
L_0x6406bf5d9410 .ufunc/vec4 TD_$unit.mul2, 8, L_0x6406bf5d8d60 (v0x6406bf5be980_0) S_0x6406bf5be7a0;
L_0x6406bf5d9500 .ufunc/vec4 TD_$unit.mul3, 8, L_0x6406bf5d8e00 (v0x6406bf5bed40_0) S_0x6406bf5beb60;
L_0x6406bf5d9970 .ufunc/vec4 TD_$unit.mul2, 8, L_0x6406bf5d8e00 (v0x6406bf5be980_0) S_0x6406bf5be7a0;
L_0x6406bf5d9b20 .ufunc/vec4 TD_$unit.mul3, 8, L_0x6406bf5d8ef0 (v0x6406bf5bed40_0) S_0x6406bf5beb60;
L_0x6406bf5d9f70 .ufunc/vec4 TD_$unit.mul2, 8, L_0x6406bf5d8ef0 (v0x6406bf5be980_0) S_0x6406bf5be7a0;
L_0x6406bf5da160 .ufunc/vec4 TD_$unit.mul3, 8, L_0x6406bf5d8f90 (v0x6406bf5bed40_0) S_0x6406bf5beb60;
L_0x6406bf5da300 .ufunc/vec4 TD_$unit.mul3, 8, L_0x6406bf5d8d60 (v0x6406bf5bed40_0) S_0x6406bf5beb60;
L_0x6406bf5da540 .ufunc/vec4 TD_$unit.mul2, 8, L_0x6406bf5d8f90 (v0x6406bf5be980_0) S_0x6406bf5be7a0;
S_0x6406bf5c6690 .scope module, "u_shift_rows" "aes_shift_rows" 8 34, 9 1 0, S_0x6406bf5bf650;
 .timescale 0 0;
    .port_info 0 /INPUT 128 "state_in";
    .port_info 1 /OUTPUT 128 "state_out";
L_0x6406bf5d37a0 .functor BUFZ 128, L_0x6406bf5d2690, C4<00000000000000000000000000000000000000000000000000000000000000000000000000000000000000000000000000000000000000000000000000000000>, C4<00000000000000000000000000000000000000000000000000000000000000000000000000000000000000000000000000000000000000000000000000000000>, C4<00000000000000000000000000000000000000000000000000000000000000000000000000000000000000000000000000000000000000000000000000000000>;
v0x6406bf5c6820_0 .net *"_ivl_18", 127 0, L_0x6406bf5d37a0;  1 drivers
v0x6406bf5c6920_0 .net "a0", 7 0, L_0x6406bf5d2e50;  1 drivers
v0x6406bf5c6a00_0 .net "a1", 7 0, L_0x6406bf5d2ef0;  1 drivers
v0x6406bf5c6ac0_0 .net "a2", 7 0, L_0x6406bf5d2fe0;  1 drivers
v0x6406bf5c6ba0_0 .net "a3", 7 0, L_0x6406bf5d3080;  1 drivers
v0x6406bf5c6cd0_0 .net "b0", 7 0, L_0x6406bf5d31b0;  1 drivers
v0x6406bf5c6db0_0 .net "b1", 7 0, L_0x6406bf5d3250;  1 drivers
v0x6406bf5c6e90_0 .net "b2", 7 0, L_0x6406bf5d3330;  1 drivers
v0x6406bf5c6f70_0 .net "b3", 7 0, L_0x6406bf5d33d0;  1 drivers
v0x6406bf5c7050_0 .net "c0", 7 0, L_0x6406bf5d34c0;  1 drivers
v0x6406bf5c7130_0 .net "c1", 7 0, L_0x6406bf5d3560;  1 drivers
v0x6406bf5c7210_0 .net "c2", 7 0, L_0x6406bf5d3660;  1 drivers
v0x6406bf5c72f0_0 .net "c3", 7 0, L_0x6406bf5d3700;  1 drivers
v0x6406bf5c73d0_0 .net "d0", 7 0, L_0x6406bf5d3810;  1 drivers
v0x6406bf5c74b0_0 .net "d1", 7 0, L_0x6406bf5d38b0;  1 drivers
v0x6406bf5c7590_0 .net "d2", 7 0, L_0x6406bf5d3950;  1 drivers
v0x6406bf5c7670_0 .net "d3", 7 0, L_0x6406bf5d39f0;  1 drivers
v0x6406bf5c7860_0 .net "state_in", 127 0, L_0x6406bf5d2690;  alias, 1 drivers
v0x6406bf5c7940_0 .net "state_out", 127 0, L_0x6406bf5d3d30;  alias, 1 drivers
L_0x6406bf5d2e50 .part L_0x6406bf5d37a0, 120, 8;
L_0x6406bf5d2ef0 .part L_0x6406bf5d37a0, 112, 8;
L_0x6406bf5d2fe0 .part L_0x6406bf5d37a0, 104, 8;
L_0x6406bf5d3080 .part L_0x6406bf5d37a0, 96, 8;
L_0x6406bf5d31b0 .part L_0x6406bf5d37a0, 88, 8;
L_0x6406bf5d3250 .part L_0x6406bf5d37a0, 80, 8;
L_0x6406bf5d3330 .part L_0x6406bf5d37a0, 72, 8;
L_0x6406bf5d33d0 .part L_0x6406bf5d37a0, 64, 8;
L_0x6406bf5d34c0 .part L_0x6406bf5d37a0, 56, 8;
L_0x6406bf5d3560 .part L_0x6406bf5d37a0, 48, 8;
L_0x6406bf5d3660 .part L_0x6406bf5d37a0, 40, 8;
L_0x6406bf5d3700 .part L_0x6406bf5d37a0, 32, 8;
L_0x6406bf5d3810 .part L_0x6406bf5d37a0, 24, 8;
L_0x6406bf5d38b0 .part L_0x6406bf5d37a0, 16, 8;
L_0x6406bf5d3950 .part L_0x6406bf5d37a0, 8, 8;
L_0x6406bf5d39f0 .part L_0x6406bf5d37a0, 0, 8;
LS_0x6406bf5d3d30_0_0 .concat [ 8 8 8 8], L_0x6406bf5d3700, L_0x6406bf5d3330, L_0x6406bf5d2ef0, L_0x6406bf5d3810;
LS_0x6406bf5d3d30_0_4 .concat [ 8 8 8 8], L_0x6406bf5d33d0, L_0x6406bf5d2fe0, L_0x6406bf5d38b0, L_0x6406bf5d34c0;
LS_0x6406bf5d3d30_0_8 .concat [ 8 8 8 8], L_0x6406bf5d3080, L_0x6406bf5d3950, L_0x6406bf5d3560, L_0x6406bf5d31b0;
LS_0x6406bf5d3d30_0_12 .concat [ 8 8 8 8], L_0x6406bf5d39f0, L_0x6406bf5d3660, L_0x6406bf5d3250, L_0x6406bf5d2e50;
L_0x6406bf5d3d30 .concat [ 32 32 32 32], LS_0x6406bf5d3d30_0_0, LS_0x6406bf5d3d30_0_4, LS_0x6406bf5d3d30_0_8, LS_0x6406bf5d3d30_0_12;
S_0x6406bf5c7a40 .scope module, "u_subbytes" "aes_subbytes" 8 30, 10 3 0, S_0x6406bf5bf650;
 .timescale 0 0;
    .port_info 0 /INPUT 128 "state_in";
    .port_info 1 /OUTPUT 128 "state_out";
v0x6406bf5cc610_0 .net "state_in", 127 0, v0x6406bf5cd420_0;  1 drivers
v0x6406bf5cc710_0 .net "state_out", 127 0, L_0x6406bf5d2690;  alias, 1 drivers
L_0x6406bf5d0a90 .part v0x6406bf5cd420_0, 0, 8;
L_0x6406bf5d0c20 .part v0x6406bf5cd420_0, 8, 8;
L_0x6406bf5d0df0 .part v0x6406bf5cd420_0, 16, 8;
L_0x6406bf5d0f80 .part v0x6406bf5cd420_0, 24, 8;
L_0x6406bf5d1110 .part v0x6406bf5cd420_0, 32, 8;
L_0x6406bf5d12a0 .part v0x6406bf5cd420_0, 40, 8;
L_0x6406bf5d1580 .part v0x6406bf5cd420_0, 48, 8;
L_0x6406bf5d1740 .part v0x6406bf5cd420_0, 56, 8;
L_0x6406bf5d1950 .part v0x6406bf5cd420_0, 64, 8;
L_0x6406bf5d1b10 .part v0x6406bf5cd420_0, 72, 8;
L_0x6406bf5d1ce0 .part v0x6406bf5cd420_0, 80, 8;
L_0x6406bf5d1ea0 .part v0x6406bf5cd420_0, 88, 8;
L_0x6406bf5d20d0 .part v0x6406bf5cd420_0, 96, 8;
L_0x6406bf5d2290 .part v0x6406bf5cd420_0, 104, 8;
L_0x6406bf5d24d0 .part v0x6406bf5cd420_0, 112, 8;
LS_0x6406bf5d2690_0_0 .concat8 [ 8 8 8 8], L_0x6406bf5d0b30, L_0x6406bf5d0d50, L_0x6406bf5d0e90, L_0x6406bf5d1020;
LS_0x6406bf5d2690_0_4 .concat8 [ 8 8 8 8], L_0x6406bf5d11b0, L_0x6406bf5d1490, L_0x6406bf5d1620, L_0x6406bf5d1830;
LS_0x6406bf5d2690_0_8 .concat8 [ 8 8 8 8], L_0x6406bf5d19f0, L_0x6406bf5d1c10, L_0x6406bf5d1d80, L_0x6406bf5d1fb0;
LS_0x6406bf5d2690_0_12 .concat8 [ 8 8 8 8], L_0x6406bf5d2170, L_0x6406bf5d23b0, L_0x6406bf5d2570, L_0x6406bf5d2d10;
L_0x6406bf5d2690 .concat8 [ 32 32 32 32], LS_0x6406bf5d2690_0_0, LS_0x6406bf5d2690_0_4, LS_0x6406bf5d2690_0_8, LS_0x6406bf5d2690_0_12;
L_0x6406bf5d2c70 .part v0x6406bf5cd420_0, 120, 8;
S_0x6406bf5c7c00 .scope generate, "BYTE_TRAVERSAL[0]" "BYTE_TRAVERSAL[0]" 10 11, 10 11 0, S_0x6406bf5c7a40;
 .timescale 0 0;
P_0x6406bf5c7e00 .param/l "i" 1 10 11, +C4<00>;
v0x6406bf5c7ee0_0 .net *"_ivl_0", 7 0, L_0x6406bf5d0a90;  1 drivers
v0x6406bf5c7fc0_0 .net *"_ivl_2", 7 0, L_0x6406bf5d0b30;  1 drivers
L_0x6406bf5d0b30 .ufunc/vec4 TD_$unit.aes_sbox, 8, L_0x6406bf5d0a90 (v0x6406bf5bd2c0_0) S_0x6406bf5bcfe0;
S_0x6406bf5c80a0 .scope generate, "BYTE_TRAVERSAL[1]" "BYTE_TRAVERSAL[1]" 10 11, 10 11 0, S_0x6406bf5c7a40;
 .timescale 0 0;
P_0x6406bf5c82c0 .param/l "i" 1 10 11, +C4<01>;
v0x6406bf5c8380_0 .net *"_ivl_0", 7 0, L_0x6406bf5d0c20;  1 drivers
v0x6406bf5c8460_0 .net *"_ivl_2", 7 0, L_0x6406bf5d0d50;  1 drivers
L_0x6406bf5d0d50 .ufunc/vec4 TD_$unit.aes_sbox, 8, L_0x6406bf5d0c20 (v0x6406bf5bd2c0_0) S_0x6406bf5bcfe0;
S_0x6406bf5c8540 .scope generate, "BYTE_TRAVERSAL[2]" "BYTE_TRAVERSAL[2]" 10 11, 10 11 0, S_0x6406bf5c7a40;
 .timescale 0 0;
P_0x6406bf5c8770 .param/l "i" 1 10 11, +C4<010>;
v0x6406bf5c8830_0 .net *"_ivl_0", 7 0, L_0x6406bf5d0df0;  1 drivers
v0x6406bf5c8910_0 .net *"_ivl_2", 7 0, L_0x6406bf5d0e90;  1 drivers
L_0x6406bf5d0e90 .ufunc/vec4 TD_$unit.aes_sbox, 8, L_0x6406bf5d0df0 (v0x6406bf5bd2c0_0) S_0x6406bf5bcfe0;
S_0x6406bf5c89f0 .scope generate, "BYTE_TRAVERSAL[3]" "BYTE_TRAVERSAL[3]" 10 11, 10 11 0, S_0x6406bf5c7a40;
 .timescale 0 0;
P_0x6406bf5c8bf0 .param/l "i" 1 10 11, +C4<011>;
v0x6406bf5c8cd0_0 .net *"_ivl_0", 7 0, L_0x6406bf5d0f80;  1 drivers
v0x6406bf5c8db0_0 .net *"_ivl_2", 7 0, L_0x6406bf5d1020;  1 drivers
L_0x6406bf5d1020 .ufunc/vec4 TD_$unit.aes_sbox, 8, L_0x6406bf5d0f80 (v0x6406bf5bd2c0_0) S_0x6406bf5bcfe0;
S_0x6406bf5c8e90 .scope generate, "BYTE_TRAVERSAL[4]" "BYTE_TRAVERSAL[4]" 10 11, 10 11 0, S_0x6406bf5c7a40;
 .timescale 0 0;
P_0x6406bf5c90e0 .param/l "i" 1 10 11, +C4<0100>;
v0x6406bf5c91c0_0 .net *"_ivl_0", 7 0, L_0x6406bf5d1110;  1 drivers
v0x6406bf5c92a0_0 .net *"_ivl_2", 7 0, L_0x6406bf5d11b0;  1 drivers
L_0x6406bf5d11b0 .ufunc/vec4 TD_$unit.aes_sbox, 8, L_0x6406bf5d1110 (v0x6406bf5bd2c0_0) S_0x6406bf5bcfe0;
S_0x6406bf5c9380 .scope generate, "BYTE_TRAVERSAL[5]" "BYTE_TRAVERSAL[5]" 10 11, 10 11 0, S_0x6406bf5c7a40;
 .timescale 0 0;
P_0x6406bf5c9580 .param/l "i" 1 10 11, +C4<0101>;
v0x6406bf5c9660_0 .net *"_ivl_0", 7 0, L_0x6406bf5d12a0;  1 drivers
v0x6406bf5c9740_0 .net *"_ivl_2", 7 0, L_0x6406bf5d1490;  1 drivers
L_0x6406bf5d1490 .ufunc/vec4 TD_$unit.aes_sbox, 8, L_0x6406bf5d12a0 (v0x6406bf5bd2c0_0) S_0x6406bf5bcfe0;
S_0x6406bf5c9820 .scope generate, "BYTE_TRAVERSAL[6]" "BYTE_TRAVERSAL[6]" 10 11, 10 11 0, S_0x6406bf5c7a40;
 .timescale 0 0;
P_0x6406bf5c9a20 .param/l "i" 1 10 11, +C4<0110>;
v0x6406bf5c9b00_0 .net *"_ivl_0", 7 0, L_0x6406bf5d1580;  1 drivers
v0x6406bf5c9be0_0 .net *"_ivl_2", 7 0, L_0x6406bf5d1620;  1 drivers
L_0x6406bf5d1620 .ufunc/vec4 TD_$unit.aes_sbox, 8, L_0x6406bf5d1580 (v0x6406bf5bd2c0_0) S_0x6406bf5bcfe0;
S_0x6406bf5c9cc0 .scope generate, "BYTE_TRAVERSAL[7]" "BYTE_TRAVERSAL[7]" 10 11, 10 11 0, S_0x6406bf5c7a40;
 .timescale 0 0;
P_0x6406bf5c9ec0 .param/l "i" 1 10 11, +C4<0111>;
v0x6406bf5c9fa0_0 .net *"_ivl_0", 7 0, L_0x6406bf5d1740;  1 drivers
v0x6406bf5ca080_0 .net *"_ivl_2", 7 0, L_0x6406bf5d1830;  1 drivers
L_0x6406bf5d1830 .ufunc/vec4 TD_$unit.aes_sbox, 8, L_0x6406bf5d1740 (v0x6406bf5bd2c0_0) S_0x6406bf5bcfe0;
S_0x6406bf5ca160 .scope generate, "BYTE_TRAVERSAL[8]" "BYTE_TRAVERSAL[8]" 10 11, 10 11 0, S_0x6406bf5c7a40;
 .timescale 0 0;
P_0x6406bf5c9090 .param/l "i" 1 10 11, +C4<01000>;
v0x6406bf5ca3f0_0 .net *"_ivl_0", 7 0, L_0x6406bf5d1950;  1 drivers
v0x6406bf5ca4d0_0 .net *"_ivl_2", 7 0, L_0x6406bf5d19f0;  1 drivers
L_0x6406bf5d19f0 .ufunc/vec4 TD_$unit.aes_sbox, 8, L_0x6406bf5d1950 (v0x6406bf5bd2c0_0) S_0x6406bf5bcfe0;
S_0x6406bf5ca5b0 .scope generate, "BYTE_TRAVERSAL[9]" "BYTE_TRAVERSAL[9]" 10 11, 10 11 0, S_0x6406bf5c7a40;
 .timescale 0 0;
P_0x6406bf5ca7b0 .param/l "i" 1 10 11, +C4<01001>;
v0x6406bf5ca890_0 .net *"_ivl_0", 7 0, L_0x6406bf5d1b10;  1 drivers
v0x6406bf5ca970_0 .net *"_ivl_2", 7 0, L_0x6406bf5d1c10;  1 drivers
L_0x6406bf5d1c10 .ufunc/vec4 TD_$unit.aes_sbox, 8, L_0x6406bf5d1b10 (v0x6406bf5bd2c0_0) S_0x6406bf5bcfe0;
S_0x6406bf5caa50 .scope generate, "BYTE_TRAVERSAL[10]" "BYTE_TRAVERSAL[10]" 10 11, 10 11 0, S_0x6406bf5c7a40;
 .timescale 0 0;
P_0x6406bf5cac50 .param/l "i" 1 10 11, +C4<01010>;
v0x6406bf5cad30_0 .net *"_ivl_0", 7 0, L_0x6406bf5d1ce0;  1 drivers
v0x6406bf5cae10_0 .net *"_ivl_2", 7 0, L_0x6406bf5d1d80;  1 drivers
L_0x6406bf5d1d80 .ufunc/vec4 TD_$unit.aes_sbox, 8, L_0x6406bf5d1ce0 (v0x6406bf5bd2c0_0) S_0x6406bf5bcfe0;
S_0x6406bf5caef0 .scope generate, "BYTE_TRAVERSAL[11]" "BYTE_TRAVERSAL[11]" 10 11, 10 11 0, S_0x6406bf5c7a40;
 .timescale 0 0;
P_0x6406bf5cb0f0 .param/l "i" 1 10 11, +C4<01011>;
v0x6406bf5cb1d0_0 .net *"_ivl_0", 7 0, L_0x6406bf5d1ea0;  1 drivers
v0x6406bf5cb2b0_0 .net *"_ivl_2", 7 0, L_0x6406bf5d1fb0;  1 drivers
L_0x6406bf5d1fb0 .ufunc/vec4 TD_$unit.aes_sbox, 8, L_0x6406bf5d1ea0 (v0x6406bf5bd2c0_0) S_0x6406bf5bcfe0;
S_0x6406bf5cb390 .scope generate, "BYTE_TRAVERSAL[12]" "BYTE_TRAVERSAL[12]" 10 11, 10 11 0, S_0x6406bf5c7a40;
 .timescale 0 0;
P_0x6406bf5cb590 .param/l "i" 1 10 11, +C4<01100>;
v0x6406bf5cb670_0 .net *"_ivl_0", 7 0, L_0x6406bf5d20d0;  1 drivers
v0x6406bf5cb750_0 .net *"_ivl_2", 7 0, L_0x6406bf5d2170;  1 drivers
L_0x6406bf5d2170 .ufunc/vec4 TD_$unit.aes_sbox, 8, L_0x6406bf5d20d0 (v0x6406bf5bd2c0_0) S_0x6406bf5bcfe0;
S_0x6406bf5cb830 .scope generate, "BYTE_TRAVERSAL[13]" "BYTE_TRAVERSAL[13]" 10 11, 10 11 0, S_0x6406bf5c7a40;
 .timescale 0 0;
P_0x6406bf5cba30 .param/l "i" 1 10 11, +C4<01101>;
v0x6406bf5cbb10_0 .net *"_ivl_0", 7 0, L_0x6406bf5d2290;  1 drivers
v0x6406bf5cbbf0_0 .net *"_ivl_2", 7 0, L_0x6406bf5d23b0;  1 drivers
L_0x6406bf5d23b0 .ufunc/vec4 TD_$unit.aes_sbox, 8, L_0x6406bf5d2290 (v0x6406bf5bd2c0_0) S_0x6406bf5bcfe0;
S_0x6406bf5cbcd0 .scope generate, "BYTE_TRAVERSAL[14]" "BYTE_TRAVERSAL[14]" 10 11, 10 11 0, S_0x6406bf5c7a40;
 .timescale 0 0;
P_0x6406bf5cbed0 .param/l "i" 1 10 11, +C4<01110>;
v0x6406bf5cbfb0_0 .net *"_ivl_0", 7 0, L_0x6406bf5d24d0;  1 drivers
v0x6406bf5cc090_0 .net *"_ivl_2", 7 0, L_0x6406bf5d2570;  1 drivers
L_0x6406bf5d2570 .ufunc/vec4 TD_$unit.aes_sbox, 8, L_0x6406bf5d24d0 (v0x6406bf5bd2c0_0) S_0x6406bf5bcfe0;
S_0x6406bf5cc170 .scope generate, "BYTE_TRAVERSAL[15]" "BYTE_TRAVERSAL[15]" 10 11, 10 11 0, S_0x6406bf5c7a40;
 .timescale 0 0;
P_0x6406bf5cc370 .param/l "i" 1 10 11, +C4<01111>;
v0x6406bf5cc450_0 .net *"_ivl_0", 7 0, L_0x6406bf5d2c70;  1 drivers
v0x6406bf5cc530_0 .net *"_ivl_2", 7 0, L_0x6406bf5d2d10;  1 drivers
L_0x6406bf5d2d10 .ufunc/vec4 TD_$unit.aes_sbox, 8, L_0x6406bf5d2c70 (v0x6406bf5bd2c0_0) S_0x6406bf5bcfe0;
S_0x6406bf5cdc50 .scope module, "u_expansion" "aes_key_expansion" 7 36, 11 3 0, S_0x6406bf5bf3a0;
 .timescale 0 0;
    .port_info 0 /INPUT 1 "clk";
    .port_info 1 /INPUT 1 "rst_n";
    .port_info 2 /INPUT 128 "cipher_key";
    .port_info 3 /INPUT 1 "cipher_en";
    .port_info 4 /INPUT 1 "rkey_en";
    .port_info 5 /INPUT 4 "round_num";
    .port_info 6 /OUTPUT 128 "round_key_out";
L_0x6406bf5db1a0 .functor BUFZ 32, L_0x6406bf5daca0, C4<00000000000000000000000000000000>, C4<00000000000000000000000000000000>, C4<00000000000000000000000000000000>;
L_0x6406bf5db830 .functor XOR 32, L_0x6406bf5daa70, L_0x6406bf5db650, C4<00000000000000000000000000000000>, C4<00000000000000000000000000000000>;
L_0x6406bf5db5e0 .functor XOR 32, L_0x6406bf5db830, L_0x6406bf5db940, C4<00000000000000000000000000000000>, C4<00000000000000000000000000000000>;
L_0x6406bf5dbb40 .functor XOR 32, L_0x6406bf5db5e0, L_0x6406bf5dab10, C4<00000000000000000000000000000000>, C4<00000000000000000000000000000000>;
L_0x6406bf5dbc50 .functor XOR 32, L_0x6406bf5dbb40, L_0x6406bf5dac00, C4<00000000000000000000000000000000>, C4<00000000000000000000000000000000>;
L_0x6406bf5dbd60 .functor XOR 32, L_0x6406bf5dbc50, L_0x6406bf5daca0, C4<00000000000000000000000000000000>, C4<00000000000000000000000000000000>;
L_0x6406bf5dbf10 .functor BUFZ 128, L_0x6406bf5dbe20, C4<00000000000000000000000000000000000000000000000000000000000000000000000000000000000000000000000000000000000000000000000000000000>, C4<00000000000000000000000000000000000000000000000000000000000000000000000000000000000000000000000000000000000000000000000000000000>, C4<00000000000000000000000000000000000000000000000000000000000000000000000000000000000000000000000000000000000000000000000000000000>;
v0x6406bf5cdeb0_0 .net *"_ivl_13", 31 0, L_0x6406bf5db1a0;  1 drivers
v0x6406bf5cdf90_0 .net *"_ivl_15", 7 0, L_0x6406bf5db210;  1 drivers
v0x6406bf5ce070_0 .net *"_ivl_17", 7 0, L_0x6406bf5db300;  1 drivers
v0x6406bf5ce130_0 .net *"_ivl_19", 7 0, L_0x6406bf5db450;  1 drivers
v0x6406bf5ce210_0 .net *"_ivl_21", 7 0, L_0x6406bf5db4f0;  1 drivers
v0x6406bf5ce340_0 .net *"_ivl_24", 31 0, L_0x6406bf5db830;  1 drivers
v0x6406bf5ce420_0 .net *"_ivl_27", 31 0, L_0x6406bf5db940;  1 drivers
v0x6406bf5ce500_0 .net *"_ivl_6", 127 0, v0x6406bf5ceba0_0;  1 drivers
v0x6406bf5ce5e0_0 .net "b0", 7 0, L_0x6406bf5dae40;  1 drivers
v0x6406bf5ce6c0_0 .net "b1", 7 0, L_0x6406bf5daee0;  1 drivers
v0x6406bf5ce7a0_0 .net "b2", 7 0, L_0x6406bf5daf80;  1 drivers
v0x6406bf5ce880_0 .net "b3", 7 0, L_0x6406bf5db020;  1 drivers
v0x6406bf5ce960_0 .net "cipher_en", 0 0, v0x6406bf5d0370_0;  alias, 1 drivers
v0x6406bf5cea00_0 .net "cipher_key", 127 0, v0x6406bf5d0430_0;  alias, 1 drivers
v0x6406bf5cead0_0 .net "clk", 0 0, v0x6406bf5d06d0_0;  alias, 1 drivers
v0x6406bf5ceba0_0 .var "current_key", 127 0;
v0x6406bf5cec40_0 .net "next_key", 127 0, L_0x6406bf5dbe20;  1 drivers
v0x6406bf5cee30_0 .net "rkey_en", 0 0, v0x6406bf5cd850_0;  alias, 1 drivers
v0x6406bf5cef00_0 .net "rot_sub_word", 31 0, L_0x6406bf5db650;  1 drivers
v0x6406bf5cefc0_0 .net "round_key_out", 127 0, L_0x6406bf5dbf10;  alias, 1 drivers
v0x6406bf5cf0b0_0 .net "round_num", 3 0, L_0x6406bf5d0a00;  alias, 1 drivers
v0x6406bf5cf180_0 .net "rst_n", 0 0, v0x6406bf5d08d0_0;  alias, 1 drivers
v0x6406bf5cf250_0 .net "w0", 31 0, L_0x6406bf5daa70;  1 drivers
v0x6406bf5cf2f0_0 .net "w1", 31 0, L_0x6406bf5dab10;  1 drivers
v0x6406bf5cf3d0_0 .net "w2", 31 0, L_0x6406bf5dac00;  1 drivers
v0x6406bf5cf4b0_0 .net "w3", 31 0, L_0x6406bf5daca0;  1 drivers
v0x6406bf5cf590_0 .net "w4", 31 0, L_0x6406bf5db5e0;  1 drivers
v0x6406bf5cf670_0 .net "w5", 31 0, L_0x6406bf5dbb40;  1 drivers
v0x6406bf5cf750_0 .net "w6", 31 0, L_0x6406bf5dbc50;  1 drivers
v0x6406bf5cf830_0 .net "w7", 31 0, L_0x6406bf5dbd60;  1 drivers
L_0x6406bf5daa70 .part v0x6406bf5ceba0_0, 96, 32;
L_0x6406bf5dab10 .part v0x6406bf5ceba0_0, 64, 32;
L_0x6406bf5dac00 .part v0x6406bf5ceba0_0, 32, 32;
L_0x6406bf5daca0 .part v0x6406bf5ceba0_0, 0, 32;
L_0x6406bf5dae40 .part L_0x6406bf5db1a0, 24, 8;
L_0x6406bf5daee0 .part L_0x6406bf5db1a0, 16, 8;
L_0x6406bf5daf80 .part L_0x6406bf5db1a0, 8, 8;
L_0x6406bf5db020 .part L_0x6406bf5db1a0, 0, 8;
L_0x6406bf5db210 .ufunc/vec4 TD_$unit.aes_sbox, 8, L_0x6406bf5daee0 (v0x6406bf5bd2c0_0) S_0x6406bf5bcfe0;
L_0x6406bf5db300 .ufunc/vec4 TD_$unit.aes_sbox, 8, L_0x6406bf5daf80 (v0x6406bf5bd2c0_0) S_0x6406bf5bcfe0;
L_0x6406bf5db450 .ufunc/vec4 TD_$unit.aes_sbox, 8, L_0x6406bf5db020 (v0x6406bf5bd2c0_0) S_0x6406bf5bcfe0;
L_0x6406bf5db4f0 .ufunc/vec4 TD_$unit.aes_sbox, 8, L_0x6406bf5dae40 (v0x6406bf5bd2c0_0) S_0x6406bf5bcfe0;
L_0x6406bf5db650 .concat [ 8 8 8 8], L_0x6406bf5db4f0, L_0x6406bf5db450, L_0x6406bf5db300, L_0x6406bf5db210;
L_0x6406bf5db940 .ufunc/vec4 TD_$unit.aes_rcon, 32, L_0x6406bf5d0a00 (v0x6406bf5bcf00_0) S_0x6406bf5bcc70;
L_0x6406bf5dbe20 .concat [ 32 32 32 32], L_0x6406bf5dbd60, L_0x6406bf5dbc50, L_0x6406bf5dbb40, L_0x6406bf5db5e0;
    .scope S_0x6406bf5bf650;
T_13 ;
    %wait E_0x6406bf5028c0;
    %load/vec4 v0x6406bf5cd9f0_0;
    %nor/r;
    %flag_set/vec4 8;
    %jmp/0xz  T_13.0, 8;
    %pushi/vec4 0, 0, 4;
    %assign/vec4 v0x6406bf5ccf70_0, 0;
    %pushi/vec4 0, 0, 1;
    %assign/vec4 v0x6406bf5cd280_0, 0;
    %jmp T_13.1;
T_13.0 ;
    %load/vec4 v0x6406bf5ccf70_0;
    %pad/u 32;
    %cmpi/e 0, 0, 32;
    %jmp/0xz  T_13.2, 4;
    %load/vec4 v0x6406bf5cd0e0_0;
    %flag_set/vec4 8;
    %jmp/0xz  T_13.4, 8;
    %pushi/vec4 0, 0, 1;
    %assign/vec4 v0x6406bf5cd280_0, 0;
    %pushi/vec4 1, 0, 4;
    %assign/vec4 v0x6406bf5ccf70_0, 0;
    %pushi/vec4 1, 0, 1;
    %assign/vec4 v0x6406bf5cd850_0, 0;
    %load/vec4 v0x6406bf5cd580_0;
    %load/vec4 v0x6406bf5cd1a0_0;
    %xor;
    %assign/vec4 v0x6406bf5cd420_0, 0;
T_13.4 ;
    %jmp T_13.3;
T_13.2 ;
    %load/vec4 v0x6406bf5ccb80_0;
    %assign/vec4 v0x6406bf5cd420_0, 0;
    %load/vec4 v0x6406bf5ccf70_0;
    %pad/u 32;
    %cmpi/e 10, 0, 32;
    %jmp/0xz  T_13.6, 4;
    %pushi/vec4 1, 0, 1;
    %assign/vec4 v0x6406bf5cd280_0, 0;
    %pushi/vec4 0, 0, 1;
    %assign/vec4 v0x6406bf5cd850_0, 0;
    %pushi/vec4 0, 0, 4;
    %assign/vec4 v0x6406bf5ccf70_0, 0;
    %jmp T_13.7;
T_13.6 ;
    %load/vec4 v0x6406bf5ccf70_0;
    %addi 1, 0, 4;
    %assign/vec4 v0x6406bf5ccf70_0, 0;
T_13.7 ;
T_13.3 ;
T_13.1 ;
    %jmp T_13;
    .thread T_13;
    .scope S_0x6406bf5cdc50;
T_14 ;
    %wait E_0x6406bf5028c0;
    %load/vec4 v0x6406bf5cf180_0;
    %nor/r;
    %flag_set/vec4 8;
    %jmp/0xz  T_14.0, 8;
    %pushi/vec4 0, 0, 128;
    %assign/vec4 v0x6406bf5ceba0_0, 0;
    %jmp T_14.1;
T_14.0 ;
    %load/vec4 v0x6406bf5ce960_0;
    %flag_set/vec4 8;
    %jmp/0xz  T_14.2, 8;
    %load/vec4 v0x6406bf5cea00_0;
    %assign/vec4 v0x6406bf5ceba0_0, 0;
    %jmp T_14.3;
T_14.2 ;
    %load/vec4 v0x6406bf5cee30_0;
    %flag_set/vec4 8;
    %jmp/0xz  T_14.4, 8;
    %load/vec4 v0x6406bf5cec40_0;
    %assign/vec4 v0x6406bf5ceba0_0, 0;
T_14.4 ;
T_14.3 ;
T_14.1 ;
    %jmp T_14;
    .thread T_14;
    .scope S_0x6406bf59cc20;
T_15 ;
    %vpi_call/w 6 25 "$dumpfile", "aes_wave.vcd" {0 0 0};
    %vpi_call/w 6 26 "$dumpvars", 32'sb00000000000000000000000000000000, S_0x6406bf59cc20 {0 0 0};
    %pushi/vec4 0, 0, 1;
    %store/vec4 v0x6406bf5d06d0_0, 0, 1;
    %pushi/vec4 0, 0, 1;
    %store/vec4 v0x6406bf5d08d0_0, 0, 1;
    %pushi/vec4 0, 0, 128;
    %store/vec4 v0x6406bf5d0430_0, 0, 128;
    %pushi/vec4 0, 0, 128;
    %store/vec4 v0x6406bf5d07c0_0, 0, 128;
    %pushi/vec4 0, 0, 1;
    %store/vec4 v0x6406bf5d0370_0, 0, 1;
    %end;
    .thread T_15;
    .scope S_0x6406bf59cc20;
T_16 ;
T_16.0 ;
    %delay 5, 0;
    %load/vec4 v0x6406bf5d06d0_0;
    %inv;
    %store/vec4 v0x6406bf5d06d0_0, 0, 1;
    %jmp T_16.0;
    %end;
    .thread T_16;
    .scope S_0x6406bf59cc20;
T_17 ;
    %delay 16, 0;
    %pushi/vec4 1, 0, 1;
    %store/vec4 v0x6406bf5d08d0_0, 0, 1;
    %delay 10, 0;
    %pushi/vec4 1, 0, 1;
    %store/vec4 v0x6406bf5d0370_0, 0, 1;
    %pushi/vec4 2299632162, 0, 43;
    %concati/vec4 2872294468, 0, 32;
    %concati/vec4 3444956774, 0, 32;
    %concati/vec4 1961727, 0, 21;
    %store/vec4 v0x6406bf5d07c0_0, 0, 128;
    %pushi/vec4 2164359682, 0, 47;
    %concati/vec4 2198045700, 0, 32;
    %concati/vec4 2231731718, 0, 32;
    %concati/vec4 69135, 0, 17;
    %store/vec4 v0x6406bf5d0430_0, 0, 128;
    %delay 10, 0;
    %pushi/vec4 0, 0, 1;
    %store/vec4 v0x6406bf5d0370_0, 0, 1;
    %delay 120, 0;
    %vpi_call/w 6 47 "$display", "---- cipher_text: %32h - READY: %1b\012", v0x6406bf5d05e0_0, v0x6406bf5d04f0_0 {0 0 0};
    %delay 10, 0;
    %pushi/vec4 1, 0, 1;
    %store/vec4 v0x6406bf5d0370_0, 0, 1;
    %pushi/vec4 2299632162, 0, 43;
    %concati/vec4 2872294468, 0, 32;
    %concati/vec4 3444956774, 0, 32;
    %concati/vec4 1961727, 0, 21;
    %store/vec4 v0x6406bf5d07c0_0, 0, 128;
    %pushi/vec4 2779096485, 0, 32;
    %concati/vec4 2779096485, 0, 32;
    %concati/vec4 2779096485, 0, 32;
    %concati/vec4 2779096485, 0, 32;
    %store/vec4 v0x6406bf5d0430_0, 0, 128;
    %delay 10, 0;
    %pushi/vec4 0, 0, 1;
    %store/vec4 v0x6406bf5d0370_0, 0, 1;
    %delay 120, 0;
    %vpi_call/w 6 55 "$display", "---- cipher_text: %32h - READY: %1b\012", v0x6406bf5d05e0_0, v0x6406bf5d04f0_0 {0 0 0};
    %vpi_call/w 6 56 "$finish" {0 0 0};
    %end;
    .thread T_17;
# The file index is used to find the file name in the following table.
:file_names 12;
    "N/A";
    "<interactive>";
    "-";
    "./aes_sbox.sv";
    "./aes_rcon.sv";
    "./aes_mix_columns.sv";
    "testbench/aes_testbench.sv";
    "aes_top.v";
    "./aes_cipher_core.sv";
    "./aes_shift_rows.sv";
    "./aes_subbytes.sv";
    "./aes_key_expansion.sv";
